                                 Started job on |	Oct 15 14:21:02
                             Started mapping on |	Oct 15 14:21:25
                                    Finished on |	Oct 15 14:21:49
       Mapping speed, Million of reads per hour |	314.22

                          Number of input reads |	2094771
                      Average input read length |	39
                                    UNIQUE READS:
                   Uniquely mapped reads number |	1757117
                        Uniquely mapped reads % |	83.88%
                          Average mapped length |	39.50
                       Number of splices: Total |	187866
            Number of splices: Annotated (sjdb) |	186520
                       Number of splices: GT/AG |	185921
                       Number of splices: GC/AG |	1534
                       Number of splices: AT/AC |	194
               Number of splices: Non-canonical |	217
                      Mismatch rate per base, % |	0.12%
                         Deletion rate per base |	0.00%
                        Deletion average length |	1.39
                        Insertion rate per base |	0.00%
                       Insertion average length |	1.19
                             MULTI-MAPPING READS:
        Number of reads mapped to multiple loci |	307903
             % of reads mapped to multiple loci |	14.70%
        Number of reads mapped to too many loci |	16196
             % of reads mapped to too many loci |	0.77%
                                  UNMAPPED READS:
  Number of reads unmapped: too many mismatches |	0
       % of reads unmapped: too many mismatches |	0.00%
            Number of reads unmapped: too short |	1787
                 % of reads unmapped: too short |	0.09%
                Number of reads unmapped: other |	11768
                     % of reads unmapped: other |	0.56%
                                  CHIMERIC READS:
                       Number of chimeric reads |	0
                            % of chimeric reads |	0.00%
