                                 Started job on |	Oct 15 14:28:08
                             Started mapping on |	Oct 15 14:28:33
                                    Finished on |	Oct 15 14:28:49
       Mapping speed, Million of reads per hour |	349.35

                          Number of input reads |	1552651
                      Average input read length |	39
                                    UNIQUE READS:
                   Uniquely mapped reads number |	1291304
                        Uniquely mapped reads % |	83.17%
                          Average mapped length |	39.51
                       Number of splices: Total |	143504
            Number of splices: Annotated (sjdb) |	142563
                       Number of splices: GT/AG |	142014
                       Number of splices: GC/AG |	1189
                       Number of splices: AT/AC |	161
               Number of splices: Non-canonical |	140
                      Mismatch rate per base, % |	0.16%
                         Deletion rate per base |	0.00%
                        Deletion average length |	1.39
                        Insertion rate per base |	0.00%
                       Insertion average length |	1.19
                             MULTI-MAPPING READS:
        Number of reads mapped to multiple loci |	240517
             % of reads mapped to multiple loci |	15.49%
        Number of reads mapped to too many loci |	11176
             % of reads mapped to too many loci |	0.72%
                                  UNMAPPED READS:
  Number of reads unmapped: too many mismatches |	0
       % of reads unmapped: too many mismatches |	0.00%
            Number of reads unmapped: too short |	1825
                 % of reads unmapped: too short |	0.12%
                Number of reads unmapped: other |	7829
                     % of reads unmapped: other |	0.50%
                                  CHIMERIC READS:
                       Number of chimeric reads |	0
                            % of chimeric reads |	0.00%
