                                 Started job on |	Oct 15 14:28:55
                             Started mapping on |	Oct 15 14:29:19
                                    Finished on |	Oct 15 14:29:37
       Mapping speed, Million of reads per hour |	281.13

                          Number of input reads |	1405668
                      Average input read length |	39
                                    UNIQUE READS:
                   Uniquely mapped reads number |	1168900
                        Uniquely mapped reads % |	83.16%
                          Average mapped length |	39.46
                       Number of splices: Total |	125436
            Number of splices: Annotated (sjdb) |	124714
                       Number of splices: GT/AG |	124051
                       Number of splices: GC/AG |	1074
                       Number of splices: AT/AC |	156
               Number of splices: Non-canonical |	155
                      Mismatch rate per base, % |	0.13%
                         Deletion rate per base |	0.00%
                        Deletion average length |	1.37
                        Insertion rate per base |	0.00%
                       Insertion average length |	1.22
                             MULTI-MAPPING READS:
        Number of reads mapped to multiple loci |	218885
             % of reads mapped to multiple loci |	15.57%
        Number of reads mapped to too many loci |	10195
             % of reads mapped to too many loci |	0.73%
                                  UNMAPPED READS:
  Number of reads unmapped: too many mismatches |	0
       % of reads unmapped: too many mismatches |	0.00%
            Number of reads unmapped: too short |	1062
                 % of reads unmapped: too short |	0.08%
                Number of reads unmapped: other |	6626
                     % of reads unmapped: other |	0.47%
                                  CHIMERIC READS:
                       Number of chimeric reads |	0
                            % of chimeric reads |	0.00%
