                                 Started job on |	Oct 15 14:12:53
                             Started mapping on |	Oct 15 14:13:35
                                    Finished on |	Oct 15 14:14:02
       Mapping speed, Million of reads per hour |	326.61

                          Number of input reads |	2449540
                      Average input read length |	39
                                    UNIQUE READS:
                   Uniquely mapped reads number |	2040686
                        Uniquely mapped reads % |	83.31%
                          Average mapped length |	39.50
                       Number of splices: Total |	232220
            Number of splices: Annotated (sjdb) |	230778
                       Number of splices: GT/AG |	229934
                       Number of splices: GC/AG |	1762
                       Number of splices: AT/AC |	252
               Number of splices: Non-canonical |	272
                      Mismatch rate per base, % |	0.14%
                         Deletion rate per base |	0.00%
                        Deletion average length |	1.40
                        Insertion rate per base |	0.00%
                       Insertion average length |	1.20
                             MULTI-MAPPING READS:
        Number of reads mapped to multiple loci |	378620
             % of reads mapped to multiple loci |	15.46%
        Number of reads mapped to too many loci |	17231
             % of reads mapped to too many loci |	0.70%
                                  UNMAPPED READS:
  Number of reads unmapped: too many mismatches |	0
       % of reads unmapped: too many mismatches |	0.00%
            Number of reads unmapped: too short |	2514
                 % of reads unmapped: too short |	0.10%
                Number of reads unmapped: other |	10489
                     % of reads unmapped: other |	0.43%
                                  CHIMERIC READS:
                       Number of chimeric reads |	0
                            % of chimeric reads |	0.00%
