                                 Started job on |	Oct 15 14:15:11
                             Started mapping on |	Oct 15 14:15:37
                                    Finished on |	Oct 15 14:15:56
       Mapping speed, Million of reads per hour |	445.06

                          Number of input reads |	2348932
                      Average input read length |	39
                                    UNIQUE READS:
                   Uniquely mapped reads number |	1957189
                        Uniquely mapped reads % |	83.32%
                          Average mapped length |	39.49
                       Number of splices: Total |	222093
            Number of splices: Annotated (sjdb) |	220773
                       Number of splices: GT/AG |	219896
                       Number of splices: GC/AG |	1674
                       Number of splices: AT/AC |	242
               Number of splices: Non-canonical |	281
                      Mismatch rate per base, % |	0.15%
                         Deletion rate per base |	0.00%
                        Deletion average length |	1.42
                        Insertion rate per base |	0.00%
                       Insertion average length |	1.19
                             MULTI-MAPPING READS:
        Number of reads mapped to multiple loci |	362770
             % of reads mapped to multiple loci |	15.44%
        Number of reads mapped to too many loci |	16447
             % of reads mapped to too many loci |	0.70%
                                  UNMAPPED READS:
  Number of reads unmapped: too many mismatches |	0
       % of reads unmapped: too many mismatches |	0.00%
            Number of reads unmapped: too short |	2476
                 % of reads unmapped: too short |	0.11%
                Number of reads unmapped: other |	10050
                     % of reads unmapped: other |	0.43%
                                  CHIMERIC READS:
                       Number of chimeric reads |	0
                            % of chimeric reads |	0.00%
