                                 Started job on |	Oct 15 14:15:07
                             Started mapping on |	Oct 15 14:15:37
                                    Finished on |	Oct 15 14:16:06
       Mapping speed, Million of reads per hour |	288.88

                          Number of input reads |	2327112
                      Average input read length |	39
                                    UNIQUE READS:
                   Uniquely mapped reads number |	1899412
                        Uniquely mapped reads % |	81.62%
                          Average mapped length |	39.49
                       Number of splices: Total |	210748
            Number of splices: Annotated (sjdb) |	209387
                       Number of splices: GT/AG |	208649
                       Number of splices: GC/AG |	1632
                       Number of splices: AT/AC |	238
               Number of splices: Non-canonical |	229
                      Mismatch rate per base, % |	0.18%
                         Deletion rate per base |	0.00%
                        Deletion average length |	1.41
                        Insertion rate per base |	0.00%
                       Insertion average length |	1.21
                             MULTI-MAPPING READS:
        Number of reads mapped to multiple loci |	398089
             % of reads mapped to multiple loci |	17.11%
        Number of reads mapped to too many loci |	17494
             % of reads mapped to too many loci |	0.75%
                                  UNMAPPED READS:
  Number of reads unmapped: too many mismatches |	0
       % of reads unmapped: too many mismatches |	0.00%
            Number of reads unmapped: too short |	2464
                 % of reads unmapped: too short |	0.11%
                Number of reads unmapped: other |	9653
                     % of reads unmapped: other |	0.41%
                                  CHIMERIC READS:
                       Number of chimeric reads |	0
                            % of chimeric reads |	0.00%
