                                 Started job on |	Oct 15 14:18:02
                             Started mapping on |	Oct 15 14:18:29
                                    Finished on |	Oct 15 14:18:53
       Mapping speed, Million of reads per hour |	324.74

                          Number of input reads |	2164964
                      Average input read length |	39
                                    UNIQUE READS:
                   Uniquely mapped reads number |	1751096
                        Uniquely mapped reads % |	80.88%
                          Average mapped length |	39.49
                       Number of splices: Total |	183434
            Number of splices: Annotated (sjdb) |	182297
                       Number of splices: GT/AG |	181621
                       Number of splices: GC/AG |	1376
                       Number of splices: AT/AC |	210
               Number of splices: Non-canonical |	227
                      Mismatch rate per base, % |	0.18%
                         Deletion rate per base |	0.00%
                        Deletion average length |	1.37
                        Insertion rate per base |	0.00%
                       Insertion average length |	1.18
                             MULTI-MAPPING READS:
        Number of reads mapped to multiple loci |	383507
             % of reads mapped to multiple loci |	17.71%
        Number of reads mapped to too many loci |	17609
             % of reads mapped to too many loci |	0.81%
                                  UNMAPPED READS:
  Number of reads unmapped: too many mismatches |	0
       % of reads unmapped: too many mismatches |	0.00%
            Number of reads unmapped: too short |	3258
                 % of reads unmapped: too short |	0.15%
                Number of reads unmapped: other |	9494
                     % of reads unmapped: other |	0.44%
                                  CHIMERIC READS:
                       Number of chimeric reads |	0
                            % of chimeric reads |	0.00%
