                                 Started job on |	Oct 15 14:17:11
                             Started mapping on |	Oct 15 14:17:36
                                    Finished on |	Oct 15 14:17:58
       Mapping speed, Million of reads per hour |	358.43

                          Number of input reads |	2190384
                      Average input read length |	39
                                    UNIQUE READS:
                   Uniquely mapped reads number |	1768991
                        Uniquely mapped reads % |	80.76%
                          Average mapped length |	39.48
                       Number of splices: Total |	186197
            Number of splices: Annotated (sjdb) |	185080
                       Number of splices: GT/AG |	184274
                       Number of splices: GC/AG |	1493
                       Number of splices: AT/AC |	214
               Number of splices: Non-canonical |	216
                      Mismatch rate per base, % |	0.16%
                         Deletion rate per base |	0.00%
                        Deletion average length |	1.36
                        Insertion rate per base |	0.00%
                       Insertion average length |	1.20
                             MULTI-MAPPING READS:
        Number of reads mapped to multiple loci |	390090
             % of reads mapped to multiple loci |	17.81%
        Number of reads mapped to too many loci |	18331
             % of reads mapped to too many loci |	0.84%
                                  UNMAPPED READS:
  Number of reads unmapped: too many mismatches |	0
       % of reads unmapped: too many mismatches |	0.00%
            Number of reads unmapped: too short |	3223
                 % of reads unmapped: too short |	0.15%
                Number of reads unmapped: other |	9749
                     % of reads unmapped: other |	0.45%
                                  CHIMERIC READS:
                       Number of chimeric reads |	0
                            % of chimeric reads |	0.00%
