                                 Started job on |	Oct 15 14:24:47
                             Started mapping on |	Oct 15 14:25:13
                                    Finished on |	Oct 15 14:25:30
       Mapping speed, Million of reads per hour |	392.22

                          Number of input reads |	1852173
                      Average input read length |	39
                                    UNIQUE READS:
                   Uniquely mapped reads number |	1530779
                        Uniquely mapped reads % |	82.65%
                          Average mapped length |	39.50
                       Number of splices: Total |	158650
            Number of splices: Annotated (sjdb) |	157586
                       Number of splices: GT/AG |	156968
                       Number of splices: GC/AG |	1316
                       Number of splices: AT/AC |	179
               Number of splices: Non-canonical |	187
                      Mismatch rate per base, % |	0.14%
                         Deletion rate per base |	0.00%
                        Deletion average length |	1.40
                        Insertion rate per base |	0.00%
                       Insertion average length |	1.21
                             MULTI-MAPPING READS:
        Number of reads mapped to multiple loci |	295762
             % of reads mapped to multiple loci |	15.97%
        Number of reads mapped to too many loci |	14326
             % of reads mapped to too many loci |	0.77%
                                  UNMAPPED READS:
  Number of reads unmapped: too many mismatches |	0
       % of reads unmapped: too many mismatches |	0.00%
            Number of reads unmapped: too short |	1852
                 % of reads unmapped: too short |	0.10%
                Number of reads unmapped: other |	9454
                     % of reads unmapped: other |	0.51%
                                  CHIMERIC READS:
                       Number of chimeric reads |	0
                            % of chimeric reads |	0.00%
