                                 Started job on |	Oct 15 14:18:55
                             Started mapping on |	Oct 15 14:19:27
                                    Finished on |	Oct 15 14:19:50
       Mapping speed, Million of reads per hour |	345.26

                          Number of input reads |	2205823
                      Average input read length |	39
                                    UNIQUE READS:
                   Uniquely mapped reads number |	1800178
                        Uniquely mapped reads % |	81.61%
                          Average mapped length |	39.51
                       Number of splices: Total |	202147
            Number of splices: Annotated (sjdb) |	200888
                       Number of splices: GT/AG |	200168
                       Number of splices: GC/AG |	1563
                       Number of splices: AT/AC |	195
               Number of splices: Non-canonical |	221
                      Mismatch rate per base, % |	0.16%
                         Deletion rate per base |	0.00%
                        Deletion average length |	1.39
                        Insertion rate per base |	0.00%
                       Insertion average length |	1.20
                             MULTI-MAPPING READS:
        Number of reads mapped to multiple loci |	377687
             % of reads mapped to multiple loci |	17.12%
        Number of reads mapped to too many loci |	16520
             % of reads mapped to too many loci |	0.75%
                                  UNMAPPED READS:
  Number of reads unmapped: too many mismatches |	0
       % of reads unmapped: too many mismatches |	0.00%
            Number of reads unmapped: too short |	2234
                 % of reads unmapped: too short |	0.10%
                Number of reads unmapped: other |	9204
                     % of reads unmapped: other |	0.42%
                                  CHIMERIC READS:
                       Number of chimeric reads |	0
                            % of chimeric reads |	0.00%
