                                 Started job on |	Oct 15 14:14:07
                             Started mapping on |	Oct 15 14:14:34
                                    Finished on |	Oct 15 14:15:00
       Mapping speed, Million of reads per hour |	326.42

                          Number of input reads |	2357493
                      Average input read length |	39
                                    UNIQUE READS:
                   Uniquely mapped reads number |	1924448
                        Uniquely mapped reads % |	81.63%
                          Average mapped length |	39.49
                       Number of splices: Total |	215105
            Number of splices: Annotated (sjdb) |	213757
                       Number of splices: GT/AG |	212936
                       Number of splices: GC/AG |	1675
                       Number of splices: AT/AC |	257
               Number of splices: Non-canonical |	237
                      Mismatch rate per base, % |	0.12%
                         Deletion rate per base |	0.00%
                        Deletion average length |	1.42
                        Insertion rate per base |	0.00%
                       Insertion average length |	1.20
                             MULTI-MAPPING READS:
        Number of reads mapped to multiple loci |	403271
             % of reads mapped to multiple loci |	17.11%
        Number of reads mapped to too many loci |	17794
             % of reads mapped to too many loci |	0.75%
                                  UNMAPPED READS:
  Number of reads unmapped: too many mismatches |	0
       % of reads unmapped: too many mismatches |	0.00%
            Number of reads unmapped: too short |	1983
                 % of reads unmapped: too short |	0.08%
                Number of reads unmapped: other |	9997
                     % of reads unmapped: other |	0.42%
                                  CHIMERIC READS:
                       Number of chimeric reads |	0
                            % of chimeric reads |	0.00%
