                                 Started job on |	Oct 15 14:20:00
                             Started mapping on |	Oct 15 14:20:28
                                    Finished on |	Oct 15 14:20:48
       Mapping speed, Million of reads per hour |	377.72

                          Number of input reads |	2098425
                      Average input read length |	39
                                    UNIQUE READS:
                   Uniquely mapped reads number |	1697048
                        Uniquely mapped reads % |	80.87%
                          Average mapped length |	39.48
                       Number of splices: Total |	178464
            Number of splices: Annotated (sjdb) |	177366
                       Number of splices: GT/AG |	176653
                       Number of splices: GC/AG |	1377
                       Number of splices: AT/AC |	197
               Number of splices: Non-canonical |	237
                      Mismatch rate per base, % |	0.13%
                         Deletion rate per base |	0.00%
                        Deletion average length |	1.38
                        Insertion rate per base |	0.00%
                       Insertion average length |	1.22
                             MULTI-MAPPING READS:
        Number of reads mapped to multiple loci |	371762
             % of reads mapped to multiple loci |	17.72%
        Number of reads mapped to too many loci |	17217
             % of reads mapped to too many loci |	0.82%
                                  UNMAPPED READS:
  Number of reads unmapped: too many mismatches |	0
       % of reads unmapped: too many mismatches |	0.00%
            Number of reads unmapped: too short |	2816
                 % of reads unmapped: too short |	0.13%
                Number of reads unmapped: other |	9582
                     % of reads unmapped: other |	0.46%
                                  CHIMERIC READS:
                       Number of chimeric reads |	0
                            % of chimeric reads |	0.00%
