                                 Started job on |	Oct 15 14:25:34
                             Started mapping on |	Oct 15 14:26:04
                                    Finished on |	Oct 15 14:26:26
       Mapping speed, Million of reads per hour |	298.88

                          Number of input reads |	1826502
                      Average input read length |	39
                                    UNIQUE READS:
                   Uniquely mapped reads number |	1532615
                        Uniquely mapped reads % |	83.91%
                          Average mapped length |	39.52
                       Number of splices: Total |	163538
            Number of splices: Annotated (sjdb) |	162429
                       Number of splices: GT/AG |	161824
                       Number of splices: GC/AG |	1352
                       Number of splices: AT/AC |	163
               Number of splices: Non-canonical |	199
                      Mismatch rate per base, % |	0.16%
                         Deletion rate per base |	0.00%
                        Deletion average length |	1.43
                        Insertion rate per base |	0.00%
                       Insertion average length |	1.23
                             MULTI-MAPPING READS:
        Number of reads mapped to multiple loci |	268193
             % of reads mapped to multiple loci |	14.68%
        Number of reads mapped to too many loci |	13942
             % of reads mapped to too many loci |	0.76%
                                  UNMAPPED READS:
  Number of reads unmapped: too many mismatches |	0
       % of reads unmapped: too many mismatches |	0.00%
            Number of reads unmapped: too short |	1746
                 % of reads unmapped: too short |	0.10%
                Number of reads unmapped: other |	10006
                     % of reads unmapped: other |	0.55%
                                  CHIMERIC READS:
                       Number of chimeric reads |	0
                            % of chimeric reads |	0.00%
