                                 Started job on |	Oct 15 14:10:21
                             Started mapping on |	Oct 15 14:11:01
                                    Finished on |	Oct 15 14:11:31
       Mapping speed, Million of reads per hour |	352.21

                          Number of input reads |	2935046
                      Average input read length |	39
                                    UNIQUE READS:
                   Uniquely mapped reads number |	2435446
                        Uniquely mapped reads % |	82.98%
                          Average mapped length |	39.49
                       Number of splices: Total |	279328
            Number of splices: Annotated (sjdb) |	277643
                       Number of splices: GT/AG |	276444
                       Number of splices: GC/AG |	2238
                       Number of splices: AT/AC |	312
               Number of splices: Non-canonical |	334
                      Mismatch rate per base, % |	0.15%
                         Deletion rate per base |	0.00%
                        Deletion average length |	1.40
                        Insertion rate per base |	0.00%
                       Insertion average length |	1.18
                             MULTI-MAPPING READS:
        Number of reads mapped to multiple loci |	464452
             % of reads mapped to multiple loci |	15.82%
        Number of reads mapped to too many loci |	19971
             % of reads mapped to too many loci |	0.68%
                                  UNMAPPED READS:
  Number of reads unmapped: too many mismatches |	0
       % of reads unmapped: too many mismatches |	0.00%
            Number of reads unmapped: too short |	2915
                 % of reads unmapped: too short |	0.10%
                Number of reads unmapped: other |	12262
                     % of reads unmapped: other |	0.42%
                                  CHIMERIC READS:
                       Number of chimeric reads |	0
                            % of chimeric reads |	0.00%
