                                 Started job on |	Oct 15 14:08:06
                             Started mapping on |	Oct 15 14:09:02
                                    Finished on |	Oct 15 14:09:25
       Mapping speed, Million of reads per hour |	507.77

                          Number of input reads |	3244090
                      Average input read length |	39
                                    UNIQUE READS:
                   Uniquely mapped reads number |	2719722
                        Uniquely mapped reads % |	83.84%
                          Average mapped length |	39.50
                       Number of splices: Total |	301301
            Number of splices: Annotated (sjdb) |	299361
                       Number of splices: GT/AG |	298250
                       Number of splices: GC/AG |	2402
                       Number of splices: AT/AC |	317
               Number of splices: Non-canonical |	332
                      Mismatch rate per base, % |	0.12%
                         Deletion rate per base |	0.00%
                        Deletion average length |	1.41
                        Insertion rate per base |	0.00%
                       Insertion average length |	1.19
                             MULTI-MAPPING READS:
        Number of reads mapped to multiple loci |	483467
             % of reads mapped to multiple loci |	14.90%
        Number of reads mapped to too many loci |	22442
             % of reads mapped to too many loci |	0.69%
                                  UNMAPPED READS:
  Number of reads unmapped: too many mismatches |	0
       % of reads unmapped: too many mismatches |	0.00%
            Number of reads unmapped: too short |	3319
                 % of reads unmapped: too short |	0.10%
                Number of reads unmapped: other |	15140
                     % of reads unmapped: other |	0.47%
                                  CHIMERIC READS:
                       Number of chimeric reads |	0
                            % of chimeric reads |	0.00%
