                                 Started job on |	Oct 15 14:14:06
                             Started mapping on |	Oct 15 14:14:34
                                    Finished on |	Oct 15 14:15:07
       Mapping speed, Million of reads per hour |	257.14

                          Number of input reads |	2357111
                      Average input read length |	39
                                    UNIQUE READS:
                   Uniquely mapped reads number |	1923058
                        Uniquely mapped reads % |	81.59%
                          Average mapped length |	39.49
                       Number of splices: Total |	215499
            Number of splices: Annotated (sjdb) |	214081
                       Number of splices: GT/AG |	213361
                       Number of splices: GC/AG |	1648
                       Number of splices: AT/AC |	244
               Number of splices: Non-canonical |	246
                      Mismatch rate per base, % |	0.15%
                         Deletion rate per base |	0.00%
                        Deletion average length |	1.42
                        Insertion rate per base |	0.00%
                       Insertion average length |	1.19
                             MULTI-MAPPING READS:
        Number of reads mapped to multiple loci |	404013
             % of reads mapped to multiple loci |	17.14%
        Number of reads mapped to too many loci |	17695
             % of reads mapped to too many loci |	0.75%
                                  UNMAPPED READS:
  Number of reads unmapped: too many mismatches |	0
       % of reads unmapped: too many mismatches |	0.00%
            Number of reads unmapped: too short |	2630
                 % of reads unmapped: too short |	0.11%
                Number of reads unmapped: other |	9715
                     % of reads unmapped: other |	0.41%
                                  CHIMERIC READS:
                       Number of chimeric reads |	0
                            % of chimeric reads |	0.00%
