                                 Started job on |	Oct 15 14:26:29
                             Started mapping on |	Oct 15 14:27:01
                                    Finished on |	Oct 15 14:27:18
       Mapping speed, Million of reads per hour |	334.21

                          Number of input reads |	1578210
                      Average input read length |	39
                                    UNIQUE READS:
                   Uniquely mapped reads number |	1311555
                        Uniquely mapped reads % |	83.10%
                          Average mapped length |	39.43
                       Number of splices: Total |	139832
            Number of splices: Annotated (sjdb) |	138957
                       Number of splices: GT/AG |	138283
                       Number of splices: GC/AG |	1217
                       Number of splices: AT/AC |	165
               Number of splices: Non-canonical |	167
                      Mismatch rate per base, % |	0.16%
                         Deletion rate per base |	0.00%
                        Deletion average length |	1.40
                        Insertion rate per base |	0.00%
                       Insertion average length |	1.20
                             MULTI-MAPPING READS:
        Number of reads mapped to multiple loci |	246295
             % of reads mapped to multiple loci |	15.61%
        Number of reads mapped to too many loci |	11412
             % of reads mapped to too many loci |	0.72%
                                  UNMAPPED READS:
  Number of reads unmapped: too many mismatches |	0
       % of reads unmapped: too many mismatches |	0.00%
            Number of reads unmapped: too short |	1506
                 % of reads unmapped: too short |	0.10%
                Number of reads unmapped: other |	7442
                     % of reads unmapped: other |	0.47%
                                  CHIMERIC READS:
                       Number of chimeric reads |	0
                            % of chimeric reads |	0.00%
