                                 Started job on |	Oct 15 14:12:50
                             Started mapping on |	Oct 15 14:13:36
                                    Finished on |	Oct 15 14:14:04
       Mapping speed, Million of reads per hour |	369.01

                          Number of input reads |	2870047
                      Average input read length |	39
                                    UNIQUE READS:
                   Uniquely mapped reads number |	2381660
                        Uniquely mapped reads % |	82.98%
                          Average mapped length |	39.50
                       Number of splices: Total |	272785
            Number of splices: Annotated (sjdb) |	271120
                       Number of splices: GT/AG |	269937
                       Number of splices: GC/AG |	2210
                       Number of splices: AT/AC |	290
               Number of splices: Non-canonical |	348
                      Mismatch rate per base, % |	0.15%
                         Deletion rate per base |	0.00%
                        Deletion average length |	1.42
                        Insertion rate per base |	0.00%
                       Insertion average length |	1.19
                             MULTI-MAPPING READS:
        Number of reads mapped to multiple loci |	454043
             % of reads mapped to multiple loci |	15.82%
        Number of reads mapped to too many loci |	19489
             % of reads mapped to too many loci |	0.68%
                                  UNMAPPED READS:
  Number of reads unmapped: too many mismatches |	0
       % of reads unmapped: too many mismatches |	0.00%
            Number of reads unmapped: too short |	2755
                 % of reads unmapped: too short |	0.10%
                Number of reads unmapped: other |	12100
                     % of reads unmapped: other |	0.42%
                                  CHIMERIC READS:
                       Number of chimeric reads |	0
                            % of chimeric reads |	0.00%
