                                 Started job on |	Oct 15 14:27:24
                             Started mapping on |	Oct 15 14:27:49
                                    Finished on |	Oct 15 14:28:09
       Mapping speed, Million of reads per hour |	277.20

                          Number of input reads |	1539998
                      Average input read length |	39
                                    UNIQUE READS:
                   Uniquely mapped reads number |	1280798
                        Uniquely mapped reads % |	83.17%
                          Average mapped length |	39.50
                       Number of splices: Total |	141531
            Number of splices: Annotated (sjdb) |	140569
                       Number of splices: GT/AG |	140062
                       Number of splices: GC/AG |	1167
                       Number of splices: AT/AC |	137
               Number of splices: Non-canonical |	165
                      Mismatch rate per base, % |	0.12%
                         Deletion rate per base |	0.00%
                        Deletion average length |	1.42
                        Insertion rate per base |	0.00%
                       Insertion average length |	1.20
                             MULTI-MAPPING READS:
        Number of reads mapped to multiple loci |	238554
             % of reads mapped to multiple loci |	15.49%
        Number of reads mapped to too many loci |	11172
             % of reads mapped to too many loci |	0.73%
                                  UNMAPPED READS:
  Number of reads unmapped: too many mismatches |	0
       % of reads unmapped: too many mismatches |	0.00%
            Number of reads unmapped: too short |	1653
                 % of reads unmapped: too short |	0.11%
                Number of reads unmapped: other |	7821
                     % of reads unmapped: other |	0.51%
                                  CHIMERIC READS:
                       Number of chimeric reads |	0
                            % of chimeric reads |	0.00%
