                                 Started job on |	Oct 15 14:28:09
                             Started mapping on |	Oct 15 14:28:33
                                    Finished on |	Oct 15 14:28:49
       Mapping speed, Million of reads per hour |	341.91

                          Number of input reads |	1519579
                      Average input read length |	39
                                    UNIQUE READS:
                   Uniquely mapped reads number |	1263666
                        Uniquely mapped reads % |	83.16%
                          Average mapped length |	39.50
                       Number of splices: Total |	138656
            Number of splices: Annotated (sjdb) |	137738
                       Number of splices: GT/AG |	137224
                       Number of splices: GC/AG |	1128
                       Number of splices: AT/AC |	146
               Number of splices: Non-canonical |	158
                      Mismatch rate per base, % |	0.18%
                         Deletion rate per base |	0.00%
                        Deletion average length |	1.39
                        Insertion rate per base |	0.00%
                       Insertion average length |	1.19
                             MULTI-MAPPING READS:
        Number of reads mapped to multiple loci |	235398
             % of reads mapped to multiple loci |	15.49%
        Number of reads mapped to too many loci |	10837
             % of reads mapped to too many loci |	0.71%
                                  UNMAPPED READS:
  Number of reads unmapped: too many mismatches |	0
       % of reads unmapped: too many mismatches |	0.00%
            Number of reads unmapped: too short |	2013
                 % of reads unmapped: too short |	0.13%
                Number of reads unmapped: other |	7665
                     % of reads unmapped: other |	0.50%
                                  CHIMERIC READS:
                       Number of chimeric reads |	0
                            % of chimeric reads |	0.00%
