                                 Started job on |	Oct 15 14:17:02
                             Started mapping on |	Oct 15 14:17:27
                                    Finished on |	Oct 15 14:17:52
       Mapping speed, Million of reads per hour |	315.87

                          Number of input reads |	2193541
                      Average input read length |	39
                                    UNIQUE READS:
                   Uniquely mapped reads number |	1796234
                        Uniquely mapped reads % |	81.89%
                          Average mapped length |	39.49
                       Number of splices: Total |	205180
            Number of splices: Annotated (sjdb) |	203873
                       Number of splices: GT/AG |	203185
                       Number of splices: GC/AG |	1521
                       Number of splices: AT/AC |	241
               Number of splices: Non-canonical |	233
                      Mismatch rate per base, % |	0.18%
                         Deletion rate per base |	0.00%
                        Deletion average length |	1.39
                        Insertion rate per base |	0.00%
                       Insertion average length |	1.20
                             MULTI-MAPPING READS:
        Number of reads mapped to multiple loci |	368021
             % of reads mapped to multiple loci |	16.78%
        Number of reads mapped to too many loci |	16733
             % of reads mapped to too many loci |	0.76%
                                  UNMAPPED READS:
  Number of reads unmapped: too many mismatches |	0
       % of reads unmapped: too many mismatches |	0.00%
            Number of reads unmapped: too short |	2879
                 % of reads unmapped: too short |	0.13%
                Number of reads unmapped: other |	9674
                     % of reads unmapped: other |	0.44%
                                  CHIMERIC READS:
                       Number of chimeric reads |	0
                            % of chimeric reads |	0.00%
