                                 Started job on |	Oct 15 14:09:05
                             Started mapping on |	Oct 15 14:09:40
                                    Finished on |	Oct 15 14:10:13
       Mapping speed, Million of reads per hour |	348.07

                          Number of input reads |	3190654
                      Average input read length |	39
                                    UNIQUE READS:
                   Uniquely mapped reads number |	2673030
                        Uniquely mapped reads % |	83.78%
                          Average mapped length |	39.51
                       Number of splices: Total |	293981
            Number of splices: Annotated (sjdb) |	292147
                       Number of splices: GT/AG |	290814
                       Number of splices: GC/AG |	2383
                       Number of splices: AT/AC |	369
               Number of splices: Non-canonical |	415
                      Mismatch rate per base, % |	0.17%
                         Deletion rate per base |	0.00%
                        Deletion average length |	1.43
                        Insertion rate per base |	0.00%
                       Insertion average length |	1.19
                             MULTI-MAPPING READS:
        Number of reads mapped to multiple loci |	476733
             % of reads mapped to multiple loci |	14.94%
        Number of reads mapped to too many loci |	22124
             % of reads mapped to too many loci |	0.69%
                                  UNMAPPED READS:
  Number of reads unmapped: too many mismatches |	0
       % of reads unmapped: too many mismatches |	0.00%
            Number of reads unmapped: too short |	4133
                 % of reads unmapped: too short |	0.13%
                Number of reads unmapped: other |	14634
                     % of reads unmapped: other |	0.46%
                                  CHIMERIC READS:
                       Number of chimeric reads |	0
                            % of chimeric reads |	0.00%
