                                 Started job on |	Oct 15 14:14:02
                             Started mapping on |	Oct 15 14:14:34
                                    Finished on |	Oct 15 14:15:04
       Mapping speed, Million of reads per hour |	285.77

                          Number of input reads |	2381428
                      Average input read length |	39
                                    UNIQUE READS:
                   Uniquely mapped reads number |	1983724
                        Uniquely mapped reads % |	83.30%
                          Average mapped length |	39.49
                       Number of splices: Total |	224777
            Number of splices: Annotated (sjdb) |	223330
                       Number of splices: GT/AG |	222553
                       Number of splices: GC/AG |	1676
                       Number of splices: AT/AC |	251
               Number of splices: Non-canonical |	297
                      Mismatch rate per base, % |	0.18%
                         Deletion rate per base |	0.00%
                        Deletion average length |	1.43
                        Insertion rate per base |	0.00%
                       Insertion average length |	1.20
                             MULTI-MAPPING READS:
        Number of reads mapped to multiple loci |	368073
             % of reads mapped to multiple loci |	15.46%
        Number of reads mapped to too many loci |	16583
             % of reads mapped to too many loci |	0.70%
                                  UNMAPPED READS:
  Number of reads unmapped: too many mismatches |	0
       % of reads unmapped: too many mismatches |	0.00%
            Number of reads unmapped: too short |	2913
                 % of reads unmapped: too short |	0.12%
                Number of reads unmapped: other |	10135
                     % of reads unmapped: other |	0.43%
                                  CHIMERIC READS:
                       Number of chimeric reads |	0
                            % of chimeric reads |	0.00%
