                                 Started job on |	Oct 15 14:21:47
                             Started mapping on |	Oct 15 14:22:20
                                    Finished on |	Oct 15 14:22:44
       Mapping speed, Million of reads per hour |	318.10

                          Number of input reads |	2120699
                      Average input read length |	39
                                    UNIQUE READS:
                   Uniquely mapped reads number |	1714063
                        Uniquely mapped reads % |	80.83%
                          Average mapped length |	39.49
                       Number of splices: Total |	180859
            Number of splices: Annotated (sjdb) |	179774
                       Number of splices: GT/AG |	179032
                       Number of splices: GC/AG |	1421
                       Number of splices: AT/AC |	181
               Number of splices: Non-canonical |	225
                      Mismatch rate per base, % |	0.15%
                         Deletion rate per base |	0.00%
                        Deletion average length |	1.34
                        Insertion rate per base |	0.00%
                       Insertion average length |	1.23
                             MULTI-MAPPING READS:
        Number of reads mapped to multiple loci |	376566
             % of reads mapped to multiple loci |	17.76%
        Number of reads mapped to too many loci |	17611
             % of reads mapped to too many loci |	0.83%
                                  UNMAPPED READS:
  Number of reads unmapped: too many mismatches |	0
       % of reads unmapped: too many mismatches |	0.00%
            Number of reads unmapped: too short |	3041
                 % of reads unmapped: too short |	0.14%
                Number of reads unmapped: other |	9418
                     % of reads unmapped: other |	0.44%
                                  CHIMERIC READS:
                       Number of chimeric reads |	0
                            % of chimeric reads |	0.00%
