                                 Started job on |	Oct 15 14:24:45
                             Started mapping on |	Oct 15 14:25:13
                                    Finished on |	Oct 15 14:25:37
       Mapping speed, Million of reads per hour |	280.33

                          Number of input reads |	1868847
                      Average input read length |	39
                                    UNIQUE READS:
                   Uniquely mapped reads number |	1567158
                        Uniquely mapped reads % |	83.86%
                          Average mapped length |	39.52
                       Number of splices: Total |	168626
            Number of splices: Annotated (sjdb) |	167504
                       Number of splices: GT/AG |	166925
                       Number of splices: GC/AG |	1299
                       Number of splices: AT/AC |	210
               Number of splices: Non-canonical |	192
                      Mismatch rate per base, % |	0.14%
                         Deletion rate per base |	0.00%
                        Deletion average length |	1.40
                        Insertion rate per base |	0.00%
                       Insertion average length |	1.19
                             MULTI-MAPPING READS:
        Number of reads mapped to multiple loci |	275224
             % of reads mapped to multiple loci |	14.73%
        Number of reads mapped to too many loci |	14176
             % of reads mapped to too many loci |	0.76%
                                  UNMAPPED READS:
  Number of reads unmapped: too many mismatches |	0
       % of reads unmapped: too many mismatches |	0.00%
            Number of reads unmapped: too short |	1700
                 % of reads unmapped: too short |	0.09%
                Number of reads unmapped: other |	10589
                     % of reads unmapped: other |	0.57%
                                  CHIMERIC READS:
                       Number of chimeric reads |	0
                            % of chimeric reads |	0.00%
