                                 Started job on |	Oct 15 14:09:30
                             Started mapping on |	Oct 15 14:09:52
                                    Finished on |	Oct 15 14:10:19
       Mapping speed, Million of reads per hour |	412.64

                          Number of input reads |	3094824
                      Average input read length |	39
                                    UNIQUE READS:
                   Uniquely mapped reads number |	2593499
                        Uniquely mapped reads % |	83.80%
                          Average mapped length |	39.50
                       Number of splices: Total |	286822
            Number of splices: Annotated (sjdb) |	284961
                       Number of splices: GT/AG |	283819
                       Number of splices: GC/AG |	2294
                       Number of splices: AT/AC |	334
               Number of splices: Non-canonical |	375
                      Mismatch rate per base, % |	0.12%
                         Deletion rate per base |	0.00%
                        Deletion average length |	1.40
                        Insertion rate per base |	0.00%
                       Insertion average length |	1.19
                             MULTI-MAPPING READS:
        Number of reads mapped to multiple loci |	462070
             % of reads mapped to multiple loci |	14.93%
        Number of reads mapped to too many loci |	21414
             % of reads mapped to too many loci |	0.69%
                                  UNMAPPED READS:
  Number of reads unmapped: too many mismatches |	0
       % of reads unmapped: too many mismatches |	0.00%
            Number of reads unmapped: too short |	3435
                 % of reads unmapped: too short |	0.11%
                Number of reads unmapped: other |	14406
                     % of reads unmapped: other |	0.47%
                                  CHIMERIC READS:
                       Number of chimeric reads |	0
                            % of chimeric reads |	0.00%
