                                 Started job on |	Oct 15 14:27:22
                             Started mapping on |	Oct 15 14:27:49
                                    Finished on |	Oct 15 14:28:07
       Mapping speed, Million of reads per hour |	316.90

                          Number of input reads |	1584495
                      Average input read length |	39
                                    UNIQUE READS:
                   Uniquely mapped reads number |	1317463
                        Uniquely mapped reads % |	83.15%
                          Average mapped length |	39.51
                       Number of splices: Total |	145308
            Number of splices: Annotated (sjdb) |	144400
                       Number of splices: GT/AG |	143805
                       Number of splices: GC/AG |	1182
                       Number of splices: AT/AC |	153
               Number of splices: Non-canonical |	168
                      Mismatch rate per base, % |	0.14%
                         Deletion rate per base |	0.00%
                        Deletion average length |	1.39
                        Insertion rate per base |	0.00%
                       Insertion average length |	1.20
                             MULTI-MAPPING READS:
        Number of reads mapped to multiple loci |	245825
             % of reads mapped to multiple loci |	15.51%
        Number of reads mapped to too many loci |	11340
             % of reads mapped to too many loci |	0.72%
                                  UNMAPPED READS:
  Number of reads unmapped: too many mismatches |	0
       % of reads unmapped: too many mismatches |	0.00%
            Number of reads unmapped: too short |	1828
                 % of reads unmapped: too short |	0.12%
                Number of reads unmapped: other |	8039
                     % of reads unmapped: other |	0.51%
                                  CHIMERIC READS:
                       Number of chimeric reads |	0
                            % of chimeric reads |	0.00%
