                                 Started job on |	Oct 15 14:08:12
                             Started mapping on |	Oct 15 14:09:02
                                    Finished on |	Oct 15 14:09:23
       Mapping speed, Million of reads per hour |	562.45

                          Number of input reads |	3280953
                      Average input read length |	39
                                    UNIQUE READS:
                   Uniquely mapped reads number |	2749394
                        Uniquely mapped reads % |	83.80%
                          Average mapped length |	39.51
                       Number of splices: Total |	305490
            Number of splices: Annotated (sjdb) |	303504
                       Number of splices: GT/AG |	302294
                       Number of splices: GC/AG |	2431
                       Number of splices: AT/AC |	396
               Number of splices: Non-canonical |	369
                      Mismatch rate per base, % |	0.14%
                         Deletion rate per base |	0.00%
                        Deletion average length |	1.41
                        Insertion rate per base |	0.00%
                       Insertion average length |	1.21
                             MULTI-MAPPING READS:
        Number of reads mapped to multiple loci |	489796
             % of reads mapped to multiple loci |	14.93%
        Number of reads mapped to too many loci |	22841
             % of reads mapped to too many loci |	0.70%
                                  UNMAPPED READS:
  Number of reads unmapped: too many mismatches |	0
       % of reads unmapped: too many mismatches |	0.00%
            Number of reads unmapped: too short |	3640
                 % of reads unmapped: too short |	0.11%
                Number of reads unmapped: other |	15282
                     % of reads unmapped: other |	0.47%
                                  CHIMERIC READS:
                       Number of chimeric reads |	0
                            % of chimeric reads |	0.00%
