                                 Started job on |	Oct 15 14:11:37
                             Started mapping on |	Oct 15 14:12:22
                                    Finished on |	Oct 15 14:12:49
       Mapping speed, Million of reads per hour |	376.42

                          Number of input reads |	2823132
                      Average input read length |	39
                                    UNIQUE READS:
                   Uniquely mapped reads number |	2344409
                        Uniquely mapped reads % |	83.04%
                          Average mapped length |	39.49
                       Number of splices: Total |	267733
            Number of splices: Annotated (sjdb) |	266089
                       Number of splices: GT/AG |	264966
                       Number of splices: GC/AG |	2186
                       Number of splices: AT/AC |	285
               Number of splices: Non-canonical |	296
                      Mismatch rate per base, % |	0.13%
                         Deletion rate per base |	0.00%
                        Deletion average length |	1.41
                        Insertion rate per base |	0.00%
                       Insertion average length |	1.17
                             MULTI-MAPPING READS:
        Number of reads mapped to multiple loci |	445167
             % of reads mapped to multiple loci |	15.77%
        Number of reads mapped to too many loci |	19053
             % of reads mapped to too many loci |	0.67%
                                  UNMAPPED READS:
  Number of reads unmapped: too many mismatches |	0
       % of reads unmapped: too many mismatches |	0.00%
            Number of reads unmapped: too short |	2367
                 % of reads unmapped: too short |	0.08%
                Number of reads unmapped: other |	12136
                     % of reads unmapped: other |	0.43%
                                  CHIMERIC READS:
                       Number of chimeric reads |	0
                            % of chimeric reads |	0.00%
