                                 Started job on |	Oct 15 14:10:21
                             Started mapping on |	Oct 15 14:11:03
                                    Finished on |	Oct 15 14:11:27
       Mapping speed, Million of reads per hour |	441.30

                          Number of input reads |	2941990
                      Average input read length |	39
                                    UNIQUE READS:
                   Uniquely mapped reads number |	2442547
                        Uniquely mapped reads % |	83.02%
                          Average mapped length |	39.49
                       Number of splices: Total |	279650
            Number of splices: Annotated (sjdb) |	277980
                       Number of splices: GT/AG |	276773
                       Number of splices: GC/AG |	2268
                       Number of splices: AT/AC |	303
               Number of splices: Non-canonical |	306
                      Mismatch rate per base, % |	0.12%
                         Deletion rate per base |	0.00%
                        Deletion average length |	1.41
                        Insertion rate per base |	0.00%
                       Insertion average length |	1.18
                             MULTI-MAPPING READS:
        Number of reads mapped to multiple loci |	464514
             % of reads mapped to multiple loci |	15.79%
        Number of reads mapped to too many loci |	20047
             % of reads mapped to too many loci |	0.68%
                                  UNMAPPED READS:
  Number of reads unmapped: too many mismatches |	0
       % of reads unmapped: too many mismatches |	0.00%
            Number of reads unmapped: too short |	2360
                 % of reads unmapped: too short |	0.08%
                Number of reads unmapped: other |	12522
                     % of reads unmapped: other |	0.43%
                                  CHIMERIC READS:
                       Number of chimeric reads |	0
                            % of chimeric reads |	0.00%
