                                 Started job on |	Oct 15 14:28:11
                             Started mapping on |	Oct 15 14:28:33
                                    Finished on |	Oct 15 14:28:51
       Mapping speed, Million of reads per hour |	309.58

                          Number of input reads |	1547911
                      Average input read length |	39
                                    UNIQUE READS:
                   Uniquely mapped reads number |	1287167
                        Uniquely mapped reads % |	83.16%
                          Average mapped length |	39.52
                       Number of splices: Total |	143399
            Number of splices: Annotated (sjdb) |	142484
                       Number of splices: GT/AG |	141949
                       Number of splices: GC/AG |	1141
                       Number of splices: AT/AC |	150
               Number of splices: Non-canonical |	159
                      Mismatch rate per base, % |	0.13%
                         Deletion rate per base |	0.00%
                        Deletion average length |	1.40
                        Insertion rate per base |	0.00%
                       Insertion average length |	1.19
                             MULTI-MAPPING READS:
        Number of reads mapped to multiple loci |	240233
             % of reads mapped to multiple loci |	15.52%
        Number of reads mapped to too many loci |	11108
             % of reads mapped to too many loci |	0.72%
                                  UNMAPPED READS:
  Number of reads unmapped: too many mismatches |	0
       % of reads unmapped: too many mismatches |	0.00%
            Number of reads unmapped: too short |	1668
                 % of reads unmapped: too short |	0.11%
                Number of reads unmapped: other |	7735
                     % of reads unmapped: other |	0.50%
                                  CHIMERIC READS:
                       Number of chimeric reads |	0
                            % of chimeric reads |	0.00%
