                                 Started job on |	Oct 15 14:11:35
                             Started mapping on |	Oct 15 14:12:22
                                    Finished on |	Oct 15 14:12:48
       Mapping speed, Million of reads per hour |	403.14

                          Number of input reads |	2911576
                      Average input read length |	39
                                    UNIQUE READS:
                   Uniquely mapped reads number |	2416321
                        Uniquely mapped reads % |	82.99%
                          Average mapped length |	39.52
                       Number of splices: Total |	277364
            Number of splices: Annotated (sjdb) |	275666
                       Number of splices: GT/AG |	274576
                       Number of splices: GC/AG |	2174
                       Number of splices: AT/AC |	313
               Number of splices: Non-canonical |	301
                      Mismatch rate per base, % |	0.13%
                         Deletion rate per base |	0.00%
                        Deletion average length |	1.42
                        Insertion rate per base |	0.00%
                       Insertion average length |	1.18
                             MULTI-MAPPING READS:
        Number of reads mapped to multiple loci |	460794
             % of reads mapped to multiple loci |	15.83%
        Number of reads mapped to too many loci |	19719
             % of reads mapped to too many loci |	0.68%
                                  UNMAPPED READS:
  Number of reads unmapped: too many mismatches |	0
       % of reads unmapped: too many mismatches |	0.00%
            Number of reads unmapped: too short |	2443
                 % of reads unmapped: too short |	0.08%
                Number of reads unmapped: other |	12299
                     % of reads unmapped: other |	0.42%
                                  CHIMERIC READS:
                       Number of chimeric reads |	0
                            % of chimeric reads |	0.00%
