                                 Started job on |	Oct 15 14:10:19
                             Started mapping on |	Oct 15 14:11:03
                                    Finished on |	Oct 15 14:11:33
       Mapping speed, Million of reads per hour |	378.44

                          Number of input reads |	3153633
                      Average input read length |	39
                                    UNIQUE READS:
                   Uniquely mapped reads number |	2642304
                        Uniquely mapped reads % |	83.79%
                          Average mapped length |	39.51
                       Number of splices: Total |	292604
            Number of splices: Annotated (sjdb) |	290781
                       Number of splices: GT/AG |	289597
                       Number of splices: GC/AG |	2305
                       Number of splices: AT/AC |	350
               Number of splices: Non-canonical |	352
                      Mismatch rate per base, % |	0.14%
                         Deletion rate per base |	0.00%
                        Deletion average length |	1.43
                        Insertion rate per base |	0.00%
                       Insertion average length |	1.22
                             MULTI-MAPPING READS:
        Number of reads mapped to multiple loci |	471059
             % of reads mapped to multiple loci |	14.94%
        Number of reads mapped to too many loci |	21790
             % of reads mapped to too many loci |	0.69%
                                  UNMAPPED READS:
  Number of reads unmapped: too many mismatches |	0
       % of reads unmapped: too many mismatches |	0.00%
            Number of reads unmapped: too short |	3818
                 % of reads unmapped: too short |	0.12%
                Number of reads unmapped: other |	14662
                     % of reads unmapped: other |	0.46%
                                  CHIMERIC READS:
                       Number of chimeric reads |	0
                            % of chimeric reads |	0.00%
