                                 Started job on |	Oct 15 14:15:58
                             Started mapping on |	Oct 15 14:16:33
                                    Finished on |	Oct 15 14:16:53
       Mapping speed, Million of reads per hour |	408.06

                          Number of input reads |	2267011
                      Average input read length |	39
                                    UNIQUE READS:
                   Uniquely mapped reads number |	1850539
                        Uniquely mapped reads % |	81.63%
                          Average mapped length |	39.49
                       Number of splices: Total |	206898
            Number of splices: Annotated (sjdb) |	205521
                       Number of splices: GT/AG |	204898
                       Number of splices: GC/AG |	1544
                       Number of splices: AT/AC |	236
               Number of splices: Non-canonical |	220
                      Mismatch rate per base, % |	0.12%
                         Deletion rate per base |	0.00%
                        Deletion average length |	1.40
                        Insertion rate per base |	0.00%
                       Insertion average length |	1.21
                             MULTI-MAPPING READS:
        Number of reads mapped to multiple loci |	387581
             % of reads mapped to multiple loci |	17.10%
        Number of reads mapped to too many loci |	17285
             % of reads mapped to too many loci |	0.76%
                                  UNMAPPED READS:
  Number of reads unmapped: too many mismatches |	0
       % of reads unmapped: too many mismatches |	0.00%
            Number of reads unmapped: too short |	2062
                 % of reads unmapped: too short |	0.09%
                Number of reads unmapped: other |	9544
                     % of reads unmapped: other |	0.42%
                                  CHIMERIC READS:
                       Number of chimeric reads |	0
                            % of chimeric reads |	0.00%
