                                 Started job on |	Oct 15 14:19:57
                             Started mapping on |	Oct 15 14:20:28
                                    Finished on |	Oct 15 14:20:53
       Mapping speed, Million of reads per hour |	310.21

                          Number of input reads |	2154243
                      Average input read length |	39
                                    UNIQUE READS:
                   Uniquely mapped reads number |	1741209
                        Uniquely mapped reads % |	80.83%
                          Average mapped length |	39.51
                       Number of splices: Total |	183400
            Number of splices: Annotated (sjdb) |	182318
                       Number of splices: GT/AG |	181609
                       Number of splices: GC/AG |	1355
                       Number of splices: AT/AC |	199
               Number of splices: Non-canonical |	237
                      Mismatch rate per base, % |	0.13%
                         Deletion rate per base |	0.00%
                        Deletion average length |	1.40
                        Insertion rate per base |	0.00%
                       Insertion average length |	1.20
                             MULTI-MAPPING READS:
        Number of reads mapped to multiple loci |	382662
             % of reads mapped to multiple loci |	17.76%
        Number of reads mapped to too many loci |	17698
             % of reads mapped to too many loci |	0.82%
                                  UNMAPPED READS:
  Number of reads unmapped: too many mismatches |	0
       % of reads unmapped: too many mismatches |	0.00%
            Number of reads unmapped: too short |	2756
                 % of reads unmapped: too short |	0.13%
                Number of reads unmapped: other |	9918
                     % of reads unmapped: other |	0.46%
                                  CHIMERIC READS:
                       Number of chimeric reads |	0
                            % of chimeric reads |	0.00%
