                                 Started job on |	Oct 15 14:16:00
                             Started mapping on |	Oct 15 14:16:33
                                    Finished on |	Oct 15 14:16:58
       Mapping speed, Million of reads per hour |	327.01

                          Number of input reads |	2270936
                      Average input read length |	39
                                    UNIQUE READS:
                   Uniquely mapped reads number |	1860830
                        Uniquely mapped reads % |	81.94%
                          Average mapped length |	39.50
                       Number of splices: Total |	214564
            Number of splices: Annotated (sjdb) |	213212
                       Number of splices: GT/AG |	212451
                       Number of splices: GC/AG |	1620
                       Number of splices: AT/AC |	252
               Number of splices: Non-canonical |	241
                      Mismatch rate per base, % |	0.14%
                         Deletion rate per base |	0.00%
                        Deletion average length |	1.41
                        Insertion rate per base |	0.00%
                       Insertion average length |	1.25
                             MULTI-MAPPING READS:
        Number of reads mapped to multiple loci |	380222
             % of reads mapped to multiple loci |	16.74%
        Number of reads mapped to too many loci |	17270
             % of reads mapped to too many loci |	0.76%
                                  UNMAPPED READS:
  Number of reads unmapped: too many mismatches |	0
       % of reads unmapped: too many mismatches |	0.00%
            Number of reads unmapped: too short |	2610
                 % of reads unmapped: too short |	0.11%
                Number of reads unmapped: other |	10004
                     % of reads unmapped: other |	0.44%
                                  CHIMERIC READS:
                       Number of chimeric reads |	0
                            % of chimeric reads |	0.00%
