                                 Started job on |	Oct 15 14:22:47
                             Started mapping on |	Oct 15 14:23:23
                                    Finished on |	Oct 15 14:23:42
       Mapping speed, Million of reads per hour |	381.60

                          Number of input reads |	2013989
                      Average input read length |	39
                                    UNIQUE READS:
                   Uniquely mapped reads number |	1690103
                        Uniquely mapped reads % |	83.92%
                          Average mapped length |	39.50
                       Number of splices: Total |	180322
            Number of splices: Annotated (sjdb) |	179089
                       Number of splices: GT/AG |	178445
                       Number of splices: GC/AG |	1445
                       Number of splices: AT/AC |	201
               Number of splices: Non-canonical |	231
                      Mismatch rate per base, % |	0.12%
                         Deletion rate per base |	0.00%
                        Deletion average length |	1.40
                        Insertion rate per base |	0.00%
                       Insertion average length |	1.20
                             MULTI-MAPPING READS:
        Number of reads mapped to multiple loci |	294954
             % of reads mapped to multiple loci |	14.65%
        Number of reads mapped to too many loci |	15713
             % of reads mapped to too many loci |	0.78%
                                  UNMAPPED READS:
  Number of reads unmapped: too many mismatches |	0
       % of reads unmapped: too many mismatches |	0.00%
            Number of reads unmapped: too short |	1711
                 % of reads unmapped: too short |	0.08%
                Number of reads unmapped: other |	11508
                     % of reads unmapped: other |	0.57%
                                  CHIMERIC READS:
                       Number of chimeric reads |	0
                            % of chimeric reads |	0.00%
