                                 Started job on |	Oct 15 14:23:49
                             Started mapping on |	Oct 15 14:24:20
                                    Finished on |	Oct 15 14:24:43
       Mapping speed, Million of reads per hour |	301.64

                          Number of input reads |	1927115
                      Average input read length |	39
                                    UNIQUE READS:
                   Uniquely mapped reads number |	1609231
                        Uniquely mapped reads % |	83.50%
                          Average mapped length |	39.51
                       Number of splices: Total |	177940
            Number of splices: Annotated (sjdb) |	176698
                       Number of splices: GT/AG |	176093
                       Number of splices: GC/AG |	1435
                       Number of splices: AT/AC |	188
               Number of splices: Non-canonical |	224
                      Mismatch rate per base, % |	0.17%
                         Deletion rate per base |	0.00%
                        Deletion average length |	1.40
                        Insertion rate per base |	0.00%
                       Insertion average length |	1.19
                             MULTI-MAPPING READS:
        Number of reads mapped to multiple loci |	293557
             % of reads mapped to multiple loci |	15.23%
        Number of reads mapped to too many loci |	13438
             % of reads mapped to too many loci |	0.70%
                                  UNMAPPED READS:
  Number of reads unmapped: too many mismatches |	0
       % of reads unmapped: too many mismatches |	0.00%
            Number of reads unmapped: too short |	2058
                 % of reads unmapped: too short |	0.11%
                Number of reads unmapped: other |	8831
                     % of reads unmapped: other |	0.46%
                                  CHIMERIC READS:
                       Number of chimeric reads |	0
                            % of chimeric reads |	0.00%
