                                 Started job on |	Oct 15 14:17:53
                             Started mapping on |	Oct 15 14:18:29
                                    Finished on |	Oct 15 14:18:54
       Mapping speed, Million of reads per hour |	320.32

                          Number of input reads |	2224441
                      Average input read length |	39
                                    UNIQUE READS:
                   Uniquely mapped reads number |	1822515
                        Uniquely mapped reads % |	81.93%
                          Average mapped length |	39.50
                       Number of splices: Total |	209712
            Number of splices: Annotated (sjdb) |	208377
                       Number of splices: GT/AG |	207594
                       Number of splices: GC/AG |	1656
                       Number of splices: AT/AC |	230
               Number of splices: Non-canonical |	232
                      Mismatch rate per base, % |	0.16%
                         Deletion rate per base |	0.00%
                        Deletion average length |	1.40
                        Insertion rate per base |	0.00%
                       Insertion average length |	1.23
                             MULTI-MAPPING READS:
        Number of reads mapped to multiple loci |	372478
             % of reads mapped to multiple loci |	16.74%
        Number of reads mapped to too many loci |	17085
             % of reads mapped to too many loci |	0.77%
                                  UNMAPPED READS:
  Number of reads unmapped: too many mismatches |	0
       % of reads unmapped: too many mismatches |	0.00%
            Number of reads unmapped: too short |	2728
                 % of reads unmapped: too short |	0.12%
                Number of reads unmapped: other |	9635
                     % of reads unmapped: other |	0.43%
                                  CHIMERIC READS:
                       Number of chimeric reads |	0
                            % of chimeric reads |	0.00%
