                                 Started job on |	Oct 15 14:27:25
                             Started mapping on |	Oct 15 14:27:49
                                    Finished on |	Oct 15 14:28:04
       Mapping speed, Million of reads per hour |	368.17

                          Number of input reads |	1534036
                      Average input read length |	39
                                    UNIQUE READS:
                   Uniquely mapped reads number |	1274746
                        Uniquely mapped reads % |	83.10%
                          Average mapped length |	39.49
                       Number of splices: Total |	141107
            Number of splices: Annotated (sjdb) |	140213
                       Number of splices: GT/AG |	139726
                       Number of splices: GC/AG |	1072
                       Number of splices: AT/AC |	149
               Number of splices: Non-canonical |	160
                      Mismatch rate per base, % |	0.15%
                         Deletion rate per base |	0.00%
                        Deletion average length |	1.35
                        Insertion rate per base |	0.00%
                       Insertion average length |	1.21
                             MULTI-MAPPING READS:
        Number of reads mapped to multiple loci |	238361
             % of reads mapped to multiple loci |	15.54%
        Number of reads mapped to too many loci |	11150
             % of reads mapped to too many loci |	0.73%
                                  UNMAPPED READS:
  Number of reads unmapped: too many mismatches |	0
       % of reads unmapped: too many mismatches |	0.00%
            Number of reads unmapped: too short |	2043
                 % of reads unmapped: too short |	0.13%
                Number of reads unmapped: other |	7736
                     % of reads unmapped: other |	0.50%
                                  CHIMERIC READS:
                       Number of chimeric reads |	0
                            % of chimeric reads |	0.00%
