                                 Started job on |	Oct 15 14:12:51
                             Started mapping on |	Oct 15 14:13:36
                                    Finished on |	Oct 15 14:14:05
       Mapping speed, Million of reads per hour |	299.86

                          Number of input reads |	2415575
                      Average input read length |	39
                                    UNIQUE READS:
                   Uniquely mapped reads number |	2013487
                        Uniquely mapped reads % |	83.35%
                          Average mapped length |	39.49
                       Number of splices: Total |	228882
            Number of splices: Annotated (sjdb) |	227530
                       Number of splices: GT/AG |	226565
                       Number of splices: GC/AG |	1767
                       Number of splices: AT/AC |	281
               Number of splices: Non-canonical |	269
                      Mismatch rate per base, % |	0.12%
                         Deletion rate per base |	0.00%
                        Deletion average length |	1.42
                        Insertion rate per base |	0.00%
                       Insertion average length |	1.20
                             MULTI-MAPPING READS:
        Number of reads mapped to multiple loci |	372170
             % of reads mapped to multiple loci |	15.41%
        Number of reads mapped to too many loci |	17032
             % of reads mapped to too many loci |	0.71%
                                  UNMAPPED READS:
  Number of reads unmapped: too many mismatches |	0
       % of reads unmapped: too many mismatches |	0.00%
            Number of reads unmapped: too short |	2378
                 % of reads unmapped: too short |	0.10%
                Number of reads unmapped: other |	10508
                     % of reads unmapped: other |	0.44%
                                  CHIMERIC READS:
                       Number of chimeric reads |	0
                            % of chimeric reads |	0.00%
