                                 Started job on |	Oct 15 14:16:03
                             Started mapping on |	Oct 15 14:16:33
                                    Finished on |	Oct 15 14:16:56
       Mapping speed, Million of reads per hour |	347.97

                          Number of input reads |	2223124
                      Average input read length |	39
                                    UNIQUE READS:
                   Uniquely mapped reads number |	1822076
                        Uniquely mapped reads % |	81.96%
                          Average mapped length |	39.49
                       Number of splices: Total |	209375
            Number of splices: Annotated (sjdb) |	208032
                       Number of splices: GT/AG |	207348
                       Number of splices: GC/AG |	1567
                       Number of splices: AT/AC |	239
               Number of splices: Non-canonical |	221
                      Mismatch rate per base, % |	0.12%
                         Deletion rate per base |	0.00%
                        Deletion average length |	1.39
                        Insertion rate per base |	0.00%
                       Insertion average length |	1.24
                             MULTI-MAPPING READS:
        Number of reads mapped to multiple loci |	371894
             % of reads mapped to multiple loci |	16.73%
        Number of reads mapped to too many loci |	17015
             % of reads mapped to too many loci |	0.77%
                                  UNMAPPED READS:
  Number of reads unmapped: too many mismatches |	0
       % of reads unmapped: too many mismatches |	0.00%
            Number of reads unmapped: too short |	2474
                 % of reads unmapped: too short |	0.11%
                Number of reads unmapped: other |	9665
                     % of reads unmapped: other |	0.43%
                                  CHIMERIC READS:
                       Number of chimeric reads |	0
                            % of chimeric reads |	0.00%
