                                 Started job on |	Oct 15 14:22:46
                             Started mapping on |	Oct 15 14:23:23
                                    Finished on |	Oct 15 14:23:47
       Mapping speed, Million of reads per hour |	303.75

                          Number of input reads |	2024975
                      Average input read length |	39
                                    UNIQUE READS:
                   Uniquely mapped reads number |	1674287
                        Uniquely mapped reads % |	82.68%
                          Average mapped length |	39.49
                       Number of splices: Total |	173916
            Number of splices: Annotated (sjdb) |	172613
                       Number of splices: GT/AG |	172185
                       Number of splices: GC/AG |	1353
                       Number of splices: AT/AC |	200
               Number of splices: Non-canonical |	178
                      Mismatch rate per base, % |	0.13%
                         Deletion rate per base |	0.00%
                        Deletion average length |	1.38
                        Insertion rate per base |	0.00%
                       Insertion average length |	1.19
                             MULTI-MAPPING READS:
        Number of reads mapped to multiple loci |	322806
             % of reads mapped to multiple loci |	15.94%
        Number of reads mapped to too many loci |	15582
             % of reads mapped to too many loci |	0.77%
                                  UNMAPPED READS:
  Number of reads unmapped: too many mismatches |	0
       % of reads unmapped: too many mismatches |	0.00%
            Number of reads unmapped: too short |	1910
                 % of reads unmapped: too short |	0.09%
                Number of reads unmapped: other |	10390
                     % of reads unmapped: other |	0.51%
                                  CHIMERIC READS:
                       Number of chimeric reads |	0
                            % of chimeric reads |	0.00%
