                                 Started job on |	Oct 15 14:16:57
                             Started mapping on |	Oct 15 14:17:27
                                    Finished on |	Oct 15 14:17:51
       Mapping speed, Million of reads per hour |	336.83

                          Number of input reads |	2245533
                      Average input read length |	39
                                    UNIQUE READS:
                   Uniquely mapped reads number |	1832163
                        Uniquely mapped reads % |	81.59%
                          Average mapped length |	39.50
                       Number of splices: Total |	205368
            Number of splices: Annotated (sjdb) |	204047
                       Number of splices: GT/AG |	203332
                       Number of splices: GC/AG |	1584
                       Number of splices: AT/AC |	222
               Number of splices: Non-canonical |	230
                      Mismatch rate per base, % |	0.14%
                         Deletion rate per base |	0.00%
                        Deletion average length |	1.39
                        Insertion rate per base |	0.00%
                       Insertion average length |	1.18
                             MULTI-MAPPING READS:
        Number of reads mapped to multiple loci |	385030
             % of reads mapped to multiple loci |	17.15%
        Number of reads mapped to too many loci |	16940
             % of reads mapped to too many loci |	0.75%
                                  UNMAPPED READS:
  Number of reads unmapped: too many mismatches |	0
       % of reads unmapped: too many mismatches |	0.00%
            Number of reads unmapped: too short |	1986
                 % of reads unmapped: too short |	0.09%
                Number of reads unmapped: other |	9414
                     % of reads unmapped: other |	0.42%
                                  CHIMERIC READS:
                       Number of chimeric reads |	0
                            % of chimeric reads |	0.00%
