                                 Started job on |	Oct 15 14:09:27
                             Started mapping on |	Oct 15 14:09:52
                                    Finished on |	Oct 15 14:10:19
       Mapping speed, Million of reads per hour |	428.43

                          Number of input reads |	3213200
                      Average input read length |	39
                                    UNIQUE READS:
                   Uniquely mapped reads number |	2692797
                        Uniquely mapped reads % |	83.80%
                          Average mapped length |	39.53
                       Number of splices: Total |	299439
            Number of splices: Annotated (sjdb) |	297537
                       Number of splices: GT/AG |	296269
                       Number of splices: GC/AG |	2423
                       Number of splices: AT/AC |	386
               Number of splices: Non-canonical |	361
                      Mismatch rate per base, % |	0.12%
                         Deletion rate per base |	0.00%
                        Deletion average length |	1.40
                        Insertion rate per base |	0.00%
                       Insertion average length |	1.19
                             MULTI-MAPPING READS:
        Number of reads mapped to multiple loci |	479719
             % of reads mapped to multiple loci |	14.93%
        Number of reads mapped to too many loci |	22383
             % of reads mapped to too many loci |	0.70%
                                  UNMAPPED READS:
  Number of reads unmapped: too many mismatches |	0
       % of reads unmapped: too many mismatches |	0.00%
            Number of reads unmapped: too short |	3391
                 % of reads unmapped: too short |	0.11%
                Number of reads unmapped: other |	14910
                     % of reads unmapped: other |	0.46%
                                  CHIMERIC READS:
                       Number of chimeric reads |	0
                            % of chimeric reads |	0.00%
