                                 Started job on |	Oct 15 14:26:26
                             Started mapping on |	Oct 15 14:27:01
                                    Finished on |	Oct 15 14:27:22
       Mapping speed, Million of reads per hour |	310.61

                          Number of input reads |	1811871
                      Average input read length |	39
                                    UNIQUE READS:
                   Uniquely mapped reads number |	1497160
                        Uniquely mapped reads % |	82.63%
                          Average mapped length |	39.49
                       Number of splices: Total |	156170
            Number of splices: Annotated (sjdb) |	155058
                       Number of splices: GT/AG |	154659
                       Number of splices: GC/AG |	1168
                       Number of splices: AT/AC |	156
               Number of splices: Non-canonical |	187
                      Mismatch rate per base, % |	0.15%
                         Deletion rate per base |	0.00%
                        Deletion average length |	1.40
                        Insertion rate per base |	0.00%
                       Insertion average length |	1.21
                             MULTI-MAPPING READS:
        Number of reads mapped to multiple loci |	289530
             % of reads mapped to multiple loci |	15.98%
        Number of reads mapped to too many loci |	14094
             % of reads mapped to too many loci |	0.78%
                                  UNMAPPED READS:
  Number of reads unmapped: too many mismatches |	0
       % of reads unmapped: too many mismatches |	0.00%
            Number of reads unmapped: too short |	1940
                 % of reads unmapped: too short |	0.11%
                Number of reads unmapped: other |	9147
                     % of reads unmapped: other |	0.50%
                                  CHIMERIC READS:
                       Number of chimeric reads |	0
                            % of chimeric reads |	0.00%
