                                 Started job on |	Oct 15 14:25:37
                             Started mapping on |	Oct 15 14:26:04
                                    Finished on |	Oct 15 14:26:25
       Mapping speed, Million of reads per hour |	313.61

                          Number of input reads |	1829366
                      Average input read length |	39
                                    UNIQUE READS:
                   Uniquely mapped reads number |	1511352
                        Uniquely mapped reads % |	82.62%
                          Average mapped length |	39.51
                       Number of splices: Total |	157509
            Number of splices: Annotated (sjdb) |	156360
                       Number of splices: GT/AG |	155928
                       Number of splices: GC/AG |	1235
                       Number of splices: AT/AC |	181
               Number of splices: Non-canonical |	165
                      Mismatch rate per base, % |	0.13%
                         Deletion rate per base |	0.00%
                        Deletion average length |	1.41
                        Insertion rate per base |	0.00%
                       Insertion average length |	1.24
                             MULTI-MAPPING READS:
        Number of reads mapped to multiple loci |	292428
             % of reads mapped to multiple loci |	15.99%
        Number of reads mapped to too many loci |	14368
             % of reads mapped to too many loci |	0.79%
                                  UNMAPPED READS:
  Number of reads unmapped: too many mismatches |	0
       % of reads unmapped: too many mismatches |	0.00%
            Number of reads unmapped: too short |	1769
                 % of reads unmapped: too short |	0.10%
                Number of reads unmapped: other |	9449
                     % of reads unmapped: other |	0.52%
                                  CHIMERIC READS:
                       Number of chimeric reads |	0
                            % of chimeric reads |	0.00%
