                                 Started job on |	Oct 15 14:21:50
                             Started mapping on |	Oct 15 14:22:20
                                    Finished on |	Oct 15 14:22:45
       Mapping speed, Million of reads per hour |	297.99

                          Number of input reads |	2069400
                      Average input read length |	39
                                    UNIQUE READS:
                   Uniquely mapped reads number |	1735262
                        Uniquely mapped reads % |	83.85%
                          Average mapped length |	39.51
                       Number of splices: Total |	184227
            Number of splices: Annotated (sjdb) |	183013
                       Number of splices: GT/AG |	182275
                       Number of splices: GC/AG |	1507
                       Number of splices: AT/AC |	221
               Number of splices: Non-canonical |	224
                      Mismatch rate per base, % |	0.18%
                         Deletion rate per base |	0.00%
                        Deletion average length |	1.38
                        Insertion rate per base |	0.00%
                       Insertion average length |	1.23
                             MULTI-MAPPING READS:
        Number of reads mapped to multiple loci |	304510
             % of reads mapped to multiple loci |	14.71%
        Number of reads mapped to too many loci |	15968
             % of reads mapped to too many loci |	0.77%
                                  UNMAPPED READS:
  Number of reads unmapped: too many mismatches |	0
       % of reads unmapped: too many mismatches |	0.00%
            Number of reads unmapped: too short |	2102
                 % of reads unmapped: too short |	0.10%
                Number of reads unmapped: other |	11558
                     % of reads unmapped: other |	0.56%
                                  CHIMERIC READS:
                       Number of chimeric reads |	0
                            % of chimeric reads |	0.00%
