                                 Started job on |	Oct 15 14:15:09
                             Started mapping on |	Oct 15 14:15:37
                                    Finished on |	Oct 15 14:15:56
       Mapping speed, Million of reads per hour |	439.02

                          Number of input reads |	2317027
                      Average input read length |	39
                                    UNIQUE READS:
                   Uniquely mapped reads number |	1930333
                        Uniquely mapped reads % |	83.31%
                          Average mapped length |	39.49
                       Number of splices: Total |	219616
            Number of splices: Annotated (sjdb) |	218269
                       Number of splices: GT/AG |	217416
                       Number of splices: GC/AG |	1694
                       Number of splices: AT/AC |	276
               Number of splices: Non-canonical |	230
                      Mismatch rate per base, % |	0.13%
                         Deletion rate per base |	0.00%
                        Deletion average length |	1.39
                        Insertion rate per base |	0.00%
                       Insertion average length |	1.21
                             MULTI-MAPPING READS:
        Number of reads mapped to multiple loci |	358116
             % of reads mapped to multiple loci |	15.46%
        Number of reads mapped to too many loci |	16242
             % of reads mapped to too many loci |	0.70%
                                  UNMAPPED READS:
  Number of reads unmapped: too many mismatches |	0
       % of reads unmapped: too many mismatches |	0.00%
            Number of reads unmapped: too short |	2352
                 % of reads unmapped: too short |	0.10%
                Number of reads unmapped: other |	9984
                     % of reads unmapped: other |	0.43%
                                  CHIMERIC READS:
                       Number of chimeric reads |	0
                            % of chimeric reads |	0.00%
