                                 Started job on |	Oct 15 14:11:29
                             Started mapping on |	Oct 15 14:12:22
                                    Finished on |	Oct 15 14:12:54
       Mapping speed, Million of reads per hour |	326.49

                          Number of input reads |	2902157
                      Average input read length |	39
                                    UNIQUE READS:
                   Uniquely mapped reads number |	2409665
                        Uniquely mapped reads % |	83.03%
                          Average mapped length |	39.50
                       Number of splices: Total |	273523
            Number of splices: Annotated (sjdb) |	271819
                       Number of splices: GT/AG |	270758
                       Number of splices: GC/AG |	2159
                       Number of splices: AT/AC |	298
               Number of splices: Non-canonical |	308
                      Mismatch rate per base, % |	0.18%
                         Deletion rate per base |	0.00%
                        Deletion average length |	1.40
                        Insertion rate per base |	0.00%
                       Insertion average length |	1.20
                             MULTI-MAPPING READS:
        Number of reads mapped to multiple loci |	457550
             % of reads mapped to multiple loci |	15.77%
        Number of reads mapped to too many loci |	19777
             % of reads mapped to too many loci |	0.68%
                                  UNMAPPED READS:
  Number of reads unmapped: too many mismatches |	0
       % of reads unmapped: too many mismatches |	0.00%
            Number of reads unmapped: too short |	2979
                 % of reads unmapped: too short |	0.10%
                Number of reads unmapped: other |	12186
                     % of reads unmapped: other |	0.42%
                                  CHIMERIC READS:
                       Number of chimeric reads |	0
                            % of chimeric reads |	0.00%
