                                 Started job on |	Oct 15 14:28:50
                             Started mapping on |	Oct 15 14:29:19
                                    Finished on |	Oct 15 14:29:34
       Mapping speed, Million of reads per hour |	353.49

                          Number of input reads |	1472892
                      Average input read length |	39
                                    UNIQUE READS:
                   Uniquely mapped reads number |	1224557
                        Uniquely mapped reads % |	83.14%
                          Average mapped length |	39.50
                       Number of splices: Total |	134795
            Number of splices: Annotated (sjdb) |	133932
                       Number of splices: GT/AG |	133451
                       Number of splices: GC/AG |	1025
                       Number of splices: AT/AC |	148
               Number of splices: Non-canonical |	171
                      Mismatch rate per base, % |	0.13%
                         Deletion rate per base |	0.00%
                        Deletion average length |	1.35
                        Insertion rate per base |	0.00%
                       Insertion average length |	1.15
                             MULTI-MAPPING READS:
        Number of reads mapped to multiple loci |	228393
             % of reads mapped to multiple loci |	15.51%
        Number of reads mapped to too many loci |	10646
             % of reads mapped to too many loci |	0.72%
                                  UNMAPPED READS:
  Number of reads unmapped: too many mismatches |	0
       % of reads unmapped: too many mismatches |	0.00%
            Number of reads unmapped: too short |	1644
                 % of reads unmapped: too short |	0.11%
                Number of reads unmapped: other |	7652
                     % of reads unmapped: other |	0.52%
                                  CHIMERIC READS:
                       Number of chimeric reads |	0
                            % of chimeric reads |	0.00%
