                                 Started job on |	Oct 15 14:23:48
                             Started mapping on |	Oct 15 14:24:20
                                    Finished on |	Oct 15 14:24:44
       Mapping speed, Million of reads per hour |	294.63

                          Number of input reads |	1964221
                      Average input read length |	39
                                    UNIQUE READS:
                   Uniquely mapped reads number |	1641985
                        Uniquely mapped reads % |	83.59%
                          Average mapped length |	39.51
                       Number of splices: Total |	180199
            Number of splices: Annotated (sjdb) |	178979
                       Number of splices: GT/AG |	178354
                       Number of splices: GC/AG |	1457
                       Number of splices: AT/AC |	195
               Number of splices: Non-canonical |	193
                      Mismatch rate per base, % |	0.14%
                         Deletion rate per base |	0.00%
                        Deletion average length |	1.39
                        Insertion rate per base |	0.00%
                       Insertion average length |	1.22
                             MULTI-MAPPING READS:
        Number of reads mapped to multiple loci |	297288
             % of reads mapped to multiple loci |	15.14%
        Number of reads mapped to too many loci |	13844
             % of reads mapped to too many loci |	0.70%
                                  UNMAPPED READS:
  Number of reads unmapped: too many mismatches |	0
       % of reads unmapped: too many mismatches |	0.00%
            Number of reads unmapped: too short |	1827
                 % of reads unmapped: too short |	0.09%
                Number of reads unmapped: other |	9277
                     % of reads unmapped: other |	0.47%
                                  CHIMERIC READS:
                       Number of chimeric reads |	0
                            % of chimeric reads |	0.00%
