                                 Started job on |	Oct 15 14:10:23
                             Started mapping on |	Oct 15 14:11:03
                                    Finished on |	Oct 15 14:11:26
       Mapping speed, Million of reads per hour |	465.91

                          Number of input reads |	2976624
                      Average input read length |	39
                                    UNIQUE READS:
                   Uniquely mapped reads number |	2471686
                        Uniquely mapped reads % |	83.04%
                          Average mapped length |	39.51
                       Number of splices: Total |	282904
            Number of splices: Annotated (sjdb) |	281176
                       Number of splices: GT/AG |	280032
                       Number of splices: GC/AG |	2201
                       Number of splices: AT/AC |	342
               Number of splices: Non-canonical |	329
                      Mismatch rate per base, % |	0.14%
                         Deletion rate per base |	0.00%
                        Deletion average length |	1.41
                        Insertion rate per base |	0.00%
                       Insertion average length |	1.19
                             MULTI-MAPPING READS:
        Number of reads mapped to multiple loci |	469479
             % of reads mapped to multiple loci |	15.77%
        Number of reads mapped to too many loci |	20380
             % of reads mapped to too many loci |	0.68%
                                  UNMAPPED READS:
  Number of reads unmapped: too many mismatches |	0
       % of reads unmapped: too many mismatches |	0.00%
            Number of reads unmapped: too short |	2487
                 % of reads unmapped: too short |	0.08%
                Number of reads unmapped: other |	12592
                     % of reads unmapped: other |	0.42%
                                  CHIMERIC READS:
                       Number of chimeric reads |	0
                            % of chimeric reads |	0.00%
