                                 Started job on |	Oct 15 14:16:59
                             Started mapping on |	Oct 15 14:17:27
                                    Finished on |	Oct 15 14:17:52
       Mapping speed, Million of reads per hour |	316.39

                          Number of input reads |	2197121
                      Average input read length |	39
                                    UNIQUE READS:
                   Uniquely mapped reads number |	1776137
                        Uniquely mapped reads % |	80.84%
                          Average mapped length |	39.48
                       Number of splices: Total |	187461
            Number of splices: Annotated (sjdb) |	186291
                       Number of splices: GT/AG |	185577
                       Number of splices: GC/AG |	1434
                       Number of splices: AT/AC |	223
               Number of splices: Non-canonical |	227
                      Mismatch rate per base, % |	0.12%
                         Deletion rate per base |	0.00%
                        Deletion average length |	1.41
                        Insertion rate per base |	0.00%
                       Insertion average length |	1.21
                             MULTI-MAPPING READS:
        Number of reads mapped to multiple loci |	390060
             % of reads mapped to multiple loci |	17.75%
        Number of reads mapped to too many loci |	18241
             % of reads mapped to too many loci |	0.83%
                                  UNMAPPED READS:
  Number of reads unmapped: too many mismatches |	0
       % of reads unmapped: too many mismatches |	0.00%
            Number of reads unmapped: too short |	2820
                 % of reads unmapped: too short |	0.13%
                Number of reads unmapped: other |	9863
                     % of reads unmapped: other |	0.45%
                                  CHIMERIC READS:
                       Number of chimeric reads |	0
                            % of chimeric reads |	0.00%
