                                 Started job on |	Oct 15 14:25:40
                             Started mapping on |	Oct 15 14:26:04
                                    Finished on |	Oct 15 14:26:25
       Mapping speed, Million of reads per hour |	311.04

                          Number of input reads |	1814384
                      Average input read length |	39
                                    UNIQUE READS:
                   Uniquely mapped reads number |	1498698
                        Uniquely mapped reads % |	82.60%
                          Average mapped length |	39.51
                       Number of splices: Total |	155501
            Number of splices: Annotated (sjdb) |	154463
                       Number of splices: GT/AG |	153960
                       Number of splices: GC/AG |	1188
                       Number of splices: AT/AC |	183
               Number of splices: Non-canonical |	170
                      Mismatch rate per base, % |	0.16%
                         Deletion rate per base |	0.00%
                        Deletion average length |	1.39
                        Insertion rate per base |	0.00%
                       Insertion average length |	1.22
                             MULTI-MAPPING READS:
        Number of reads mapped to multiple loci |	290412
             % of reads mapped to multiple loci |	16.01%
        Number of reads mapped to too many loci |	14080
             % of reads mapped to too many loci |	0.78%
                                  UNMAPPED READS:
  Number of reads unmapped: too many mismatches |	0
       % of reads unmapped: too many mismatches |	0.00%
            Number of reads unmapped: too short |	1951
                 % of reads unmapped: too short |	0.11%
                Number of reads unmapped: other |	9243
                     % of reads unmapped: other |	0.51%
                                  CHIMERIC READS:
                       Number of chimeric reads |	0
                            % of chimeric reads |	0.00%
