                                 Started job on |	Oct 15 14:24:45
                             Started mapping on |	Oct 15 14:25:13
                                    Finished on |	Oct 15 14:25:36
       Mapping speed, Million of reads per hour |	295.77

                          Number of input reads |	1889650
                      Average input read length |	39
                                    UNIQUE READS:
                   Uniquely mapped reads number |	1579794
                        Uniquely mapped reads % |	83.60%
                          Average mapped length |	39.50
                       Number of splices: Total |	173518
            Number of splices: Annotated (sjdb) |	172384
                       Number of splices: GT/AG |	171725
                       Number of splices: GC/AG |	1346
                       Number of splices: AT/AC |	217
               Number of splices: Non-canonical |	230
                      Mismatch rate per base, % |	0.15%
                         Deletion rate per base |	0.00%
                        Deletion average length |	1.42
                        Insertion rate per base |	0.00%
                       Insertion average length |	1.19
                             MULTI-MAPPING READS:
        Number of reads mapped to multiple loci |	285244
             % of reads mapped to multiple loci |	15.10%
        Number of reads mapped to too many loci |	13403
             % of reads mapped to too many loci |	0.71%
                                  UNMAPPED READS:
  Number of reads unmapped: too many mismatches |	0
       % of reads unmapped: too many mismatches |	0.00%
            Number of reads unmapped: too short |	2003
                 % of reads unmapped: too short |	0.11%
                Number of reads unmapped: other |	9206
                     % of reads unmapped: other |	0.49%
                                  CHIMERIC READS:
                       Number of chimeric reads |	0
                            % of chimeric reads |	0.00%
