                                 Started job on |	Oct 15 14:28:12
                             Started mapping on |	Oct 15 14:28:33
                                    Finished on |	Oct 15 14:28:48
       Mapping speed, Million of reads per hour |	365.88

                          Number of input reads |	1524501
                      Average input read length |	39
                                    UNIQUE READS:
                   Uniquely mapped reads number |	1267541
                        Uniquely mapped reads % |	83.14%
                          Average mapped length |	39.50
                       Number of splices: Total |	140296
            Number of splices: Annotated (sjdb) |	139419
                       Number of splices: GT/AG |	138833
                       Number of splices: GC/AG |	1119
                       Number of splices: AT/AC |	170
               Number of splices: Non-canonical |	174
                      Mismatch rate per base, % |	0.15%
                         Deletion rate per base |	0.00%
                        Deletion average length |	1.40
                        Insertion rate per base |	0.00%
                       Insertion average length |	1.20
                             MULTI-MAPPING READS:
        Number of reads mapped to multiple loci |	236354
             % of reads mapped to multiple loci |	15.50%
        Number of reads mapped to too many loci |	10878
             % of reads mapped to too many loci |	0.71%
                                  UNMAPPED READS:
  Number of reads unmapped: too many mismatches |	0
       % of reads unmapped: too many mismatches |	0.00%
            Number of reads unmapped: too short |	1864
                 % of reads unmapped: too short |	0.12%
                Number of reads unmapped: other |	7864
                     % of reads unmapped: other |	0.52%
                                  CHIMERIC READS:
                       Number of chimeric reads |	0
                            % of chimeric reads |	0.00%
