                                 Started job on |	Oct 15 14:26:26
                             Started mapping on |	Oct 15 14:27:01
                                    Finished on |	Oct 15 14:27:21
       Mapping speed, Million of reads per hour |	284.40

                          Number of input reads |	1579982
                      Average input read length |	39
                                    UNIQUE READS:
                   Uniquely mapped reads number |	1312171
                        Uniquely mapped reads % |	83.05%
                          Average mapped length |	39.43
                       Number of splices: Total |	138990
            Number of splices: Annotated (sjdb) |	138183
                       Number of splices: GT/AG |	137461
                       Number of splices: GC/AG |	1211
                       Number of splices: AT/AC |	142
               Number of splices: Non-canonical |	176
                      Mismatch rate per base, % |	0.19%
                         Deletion rate per base |	0.00%
                        Deletion average length |	1.35
                        Insertion rate per base |	0.00%
                       Insertion average length |	1.22
                             MULTI-MAPPING READS:
        Number of reads mapped to multiple loci |	246884
             % of reads mapped to multiple loci |	15.63%
        Number of reads mapped to too many loci |	11322
             % of reads mapped to too many loci |	0.72%
                                  UNMAPPED READS:
  Number of reads unmapped: too many mismatches |	0
       % of reads unmapped: too many mismatches |	0.00%
            Number of reads unmapped: too short |	2243
                 % of reads unmapped: too short |	0.14%
                Number of reads unmapped: other |	7362
                     % of reads unmapped: other |	0.47%
                                  CHIMERIC READS:
                       Number of chimeric reads |	0
                            % of chimeric reads |	0.00%
