                                 Started job on |	Oct 15 14:17:56
                             Started mapping on |	Oct 15 14:18:29
                                    Finished on |	Oct 15 14:18:53
       Mapping speed, Million of reads per hour |	330.58

                          Number of input reads |	2203879
                      Average input read length |	39
                                    UNIQUE READS:
                   Uniquely mapped reads number |	1781904
                        Uniquely mapped reads % |	80.85%
                          Average mapped length |	39.49
                       Number of splices: Total |	188436
            Number of splices: Annotated (sjdb) |	187267
                       Number of splices: GT/AG |	186663
                       Number of splices: GC/AG |	1375
                       Number of splices: AT/AC |	191
               Number of splices: Non-canonical |	207
                      Mismatch rate per base, % |	0.14%
                         Deletion rate per base |	0.00%
                        Deletion average length |	1.37
                        Insertion rate per base |	0.00%
                       Insertion average length |	1.22
                             MULTI-MAPPING READS:
        Number of reads mapped to multiple loci |	390681
             % of reads mapped to multiple loci |	17.73%
        Number of reads mapped to too many loci |	18305
             % of reads mapped to too many loci |	0.83%
                                  UNMAPPED READS:
  Number of reads unmapped: too many mismatches |	0
       % of reads unmapped: too many mismatches |	0.00%
            Number of reads unmapped: too short |	2904
                 % of reads unmapped: too short |	0.13%
                Number of reads unmapped: other |	10085
                     % of reads unmapped: other |	0.46%
                                  CHIMERIC READS:
                       Number of chimeric reads |	0
                            % of chimeric reads |	0.00%
