                                 Started job on |	Oct 15 14:18:56
                             Started mapping on |	Oct 15 14:19:27
                                    Finished on |	Oct 15 14:19:56
       Mapping speed, Million of reads per hour |	272.15

                          Number of input reads |	2192357
                      Average input read length |	39
                                    UNIQUE READS:
                   Uniquely mapped reads number |	1795578
                        Uniquely mapped reads % |	81.90%
                          Average mapped length |	39.49
                       Number of splices: Total |	206511
            Number of splices: Annotated (sjdb) |	205281
                       Number of splices: GT/AG |	204468
                       Number of splices: GC/AG |	1601
                       Number of splices: AT/AC |	210
               Number of splices: Non-canonical |	232
                      Mismatch rate per base, % |	0.15%
                         Deletion rate per base |	0.00%
                        Deletion average length |	1.39
                        Insertion rate per base |	0.00%
                       Insertion average length |	1.22
                             MULTI-MAPPING READS:
        Number of reads mapped to multiple loci |	367761
             % of reads mapped to multiple loci |	16.77%
        Number of reads mapped to too many loci |	16683
             % of reads mapped to too many loci |	0.76%
                                  UNMAPPED READS:
  Number of reads unmapped: too many mismatches |	0
       % of reads unmapped: too many mismatches |	0.00%
            Number of reads unmapped: too short |	2638
                 % of reads unmapped: too short |	0.12%
                Number of reads unmapped: other |	9697
                     % of reads unmapped: other |	0.44%
                                  CHIMERIC READS:
                       Number of chimeric reads |	0
                            % of chimeric reads |	0.00%
