                                 Started job on |	Oct 15 14:29:34
                             Started mapping on |	Oct 15 14:30:04
                                    Finished on |	Oct 15 14:30:16
       Mapping speed, Million of reads per hour |	414.10

                          Number of input reads |	1380340
                      Average input read length |	39
                                    UNIQUE READS:
                   Uniquely mapped reads number |	1147434
                        Uniquely mapped reads % |	83.13%
                          Average mapped length |	39.46
                       Number of splices: Total |	122919
            Number of splices: Annotated (sjdb) |	122213
                       Number of splices: GT/AG |	121636
                       Number of splices: GC/AG |	1013
                       Number of splices: AT/AC |	122
               Number of splices: Non-canonical |	148
                      Mismatch rate per base, % |	0.13%
                         Deletion rate per base |	0.00%
                        Deletion average length |	1.39
                        Insertion rate per base |	0.00%
                       Insertion average length |	1.23
                             MULTI-MAPPING READS:
        Number of reads mapped to multiple loci |	215105
             % of reads mapped to multiple loci |	15.58%
        Number of reads mapped to too many loci |	10016
             % of reads mapped to too many loci |	0.73%
                                  UNMAPPED READS:
  Number of reads unmapped: too many mismatches |	0
       % of reads unmapped: too many mismatches |	0.00%
            Number of reads unmapped: too short |	1158
                 % of reads unmapped: too short |	0.08%
                Number of reads unmapped: other |	6627
                     % of reads unmapped: other |	0.48%
                                  CHIMERIC READS:
                       Number of chimeric reads |	0
                            % of chimeric reads |	0.00%
