                                 Started job on |	Oct 15 14:12:58
                             Started mapping on |	Oct 15 14:13:36
                                    Finished on |	Oct 15 14:13:58
       Mapping speed, Million of reads per hour |	393.93

                          Number of input reads |	2407349
                      Average input read length |	39
                                    UNIQUE READS:
                   Uniquely mapped reads number |	2006621
                        Uniquely mapped reads % |	83.35%
                          Average mapped length |	39.49
                       Number of splices: Total |	228032
            Number of splices: Annotated (sjdb) |	226582
                       Number of splices: GT/AG |	225823
                       Number of splices: GC/AG |	1708
                       Number of splices: AT/AC |	243
               Number of splices: Non-canonical |	258
                      Mismatch rate per base, % |	0.15%
                         Deletion rate per base |	0.00%
                        Deletion average length |	1.44
                        Insertion rate per base |	0.00%
                       Insertion average length |	1.21
                             MULTI-MAPPING READS:
        Number of reads mapped to multiple loci |	370751
             % of reads mapped to multiple loci |	15.40%
        Number of reads mapped to too many loci |	16809
             % of reads mapped to too many loci |	0.70%
                                  UNMAPPED READS:
  Number of reads unmapped: too many mismatches |	0
       % of reads unmapped: too many mismatches |	0.00%
            Number of reads unmapped: too short |	2802
                 % of reads unmapped: too short |	0.12%
                Number of reads unmapped: other |	10366
                     % of reads unmapped: other |	0.43%
                                  CHIMERIC READS:
                       Number of chimeric reads |	0
                            % of chimeric reads |	0.00%
