                                 Started job on |	Oct 15 14:22:48
                             Started mapping on |	Oct 15 14:23:23
                                    Finished on |	Oct 15 14:23:44
       Mapping speed, Million of reads per hour |	344.22

                          Number of input reads |	2007938
                      Average input read length |	39
                                    UNIQUE READS:
                   Uniquely mapped reads number |	1678419
                        Uniquely mapped reads % |	83.59%
                          Average mapped length |	39.50
                       Number of splices: Total |	183159
            Number of splices: Annotated (sjdb) |	181898
                       Number of splices: GT/AG |	181248
                       Number of splices: GC/AG |	1457
                       Number of splices: AT/AC |	216
               Number of splices: Non-canonical |	238
                      Mismatch rate per base, % |	0.18%
                         Deletion rate per base |	0.00%
                        Deletion average length |	1.44
                        Insertion rate per base |	0.00%
                       Insertion average length |	1.23
                             MULTI-MAPPING READS:
        Number of reads mapped to multiple loci |	303750
             % of reads mapped to multiple loci |	15.13%
        Number of reads mapped to too many loci |	13996
             % of reads mapped to too many loci |	0.70%
                                  UNMAPPED READS:
  Number of reads unmapped: too many mismatches |	0
       % of reads unmapped: too many mismatches |	0.00%
            Number of reads unmapped: too short |	2332
                 % of reads unmapped: too short |	0.12%
                Number of reads unmapped: other |	9441
                     % of reads unmapped: other |	0.47%
                                  CHIMERIC READS:
                       Number of chimeric reads |	0
                            % of chimeric reads |	0.00%
