                                 Started job on |	Oct 15 14:24:49
                             Started mapping on |	Oct 15 14:25:13
                                    Finished on |	Oct 15 14:25:34
       Mapping speed, Million of reads per hour |	315.16

                          Number of input reads |	1838433
                      Average input read length |	39
                                    UNIQUE READS:
                   Uniquely mapped reads number |	1541997
                        Uniquely mapped reads % |	83.88%
                          Average mapped length |	39.53
                       Number of splices: Total |	165997
            Number of splices: Annotated (sjdb) |	164857
                       Number of splices: GT/AG |	164274
                       Number of splices: GC/AG |	1337
                       Number of splices: AT/AC |	181
               Number of splices: Non-canonical |	205
                      Mismatch rate per base, % |	0.13%
                         Deletion rate per base |	0.00%
                        Deletion average length |	1.41
                        Insertion rate per base |	0.00%
                       Insertion average length |	1.24
                             MULTI-MAPPING READS:
        Number of reads mapped to multiple loci |	270362
             % of reads mapped to multiple loci |	14.71%
        Number of reads mapped to too many loci |	14306
             % of reads mapped to too many loci |	0.78%
                                  UNMAPPED READS:
  Number of reads unmapped: too many mismatches |	0
       % of reads unmapped: too many mismatches |	0.00%
            Number of reads unmapped: too short |	1552
                 % of reads unmapped: too short |	0.08%
                Number of reads unmapped: other |	10216
                     % of reads unmapped: other |	0.56%
                                  CHIMERIC READS:
                       Number of chimeric reads |	0
                            % of chimeric reads |	0.00%
