                                 Started job on |	Oct 15 14:17:54
                             Started mapping on |	Oct 15 14:18:29
                                    Finished on |	Oct 15 14:18:51
       Mapping speed, Million of reads per hour |	363.71

                          Number of input reads |	2222699
                      Average input read length |	39
                                    UNIQUE READS:
                   Uniquely mapped reads number |	1820593
                        Uniquely mapped reads % |	81.91%
                          Average mapped length |	39.51
                       Number of splices: Total |	209467
            Number of splices: Annotated (sjdb) |	208122
                       Number of splices: GT/AG |	207409
                       Number of splices: GC/AG |	1582
                       Number of splices: AT/AC |	247
               Number of splices: Non-canonical |	229
                      Mismatch rate per base, % |	0.13%
                         Deletion rate per base |	0.00%
                        Deletion average length |	1.41
                        Insertion rate per base |	0.00%
                       Insertion average length |	1.24
                             MULTI-MAPPING READS:
        Number of reads mapped to multiple loci |	372835
             % of reads mapped to multiple loci |	16.77%
        Number of reads mapped to too many loci |	17096
             % of reads mapped to too many loci |	0.77%
                                  UNMAPPED READS:
  Number of reads unmapped: too many mismatches |	0
       % of reads unmapped: too many mismatches |	0.00%
            Number of reads unmapped: too short |	2377
                 % of reads unmapped: too short |	0.11%
                Number of reads unmapped: other |	9798
                     % of reads unmapped: other |	0.44%
                                  CHIMERIC READS:
                       Number of chimeric reads |	0
                            % of chimeric reads |	0.00%
