                                 Started job on |	Oct 15 14:19:55
                             Started mapping on |	Oct 15 14:20:28
                                    Finished on |	Oct 15 14:20:53
       Mapping speed, Million of reads per hour |	310.29

                          Number of input reads |	2154776
                      Average input read length |	39
                                    UNIQUE READS:
                   Uniquely mapped reads number |	1742202
                        Uniquely mapped reads % |	80.85%
                          Average mapped length |	39.50
                       Number of splices: Total |	183524
            Number of splices: Annotated (sjdb) |	182451
                       Number of splices: GT/AG |	181750
                       Number of splices: GC/AG |	1386
                       Number of splices: AT/AC |	190
               Number of splices: Non-canonical |	198
                      Mismatch rate per base, % |	0.17%
                         Deletion rate per base |	0.00%
                        Deletion average length |	1.41
                        Insertion rate per base |	0.00%
                       Insertion average length |	1.23
                             MULTI-MAPPING READS:
        Number of reads mapped to multiple loci |	381965
             % of reads mapped to multiple loci |	17.73%
        Number of reads mapped to too many loci |	17828
             % of reads mapped to too many loci |	0.83%
                                  UNMAPPED READS:
  Number of reads unmapped: too many mismatches |	0
       % of reads unmapped: too many mismatches |	0.00%
            Number of reads unmapped: too short |	3079
                 % of reads unmapped: too short |	0.14%
                Number of reads unmapped: other |	9702
                     % of reads unmapped: other |	0.45%
                                  CHIMERIC READS:
                       Number of chimeric reads |	0
                            % of chimeric reads |	0.00%
